[ 27%] [ 27%] [ 27%] [34m[1mGenerating dynamic reconfigure files from cfg/CropDecimate.cfg: /home/uav_master/vision_ws/devel/.private/image_proc/include/image_proc/CropDecimateConfig.h /home/uav_master/vision_ws/devel/.private/image_proc/lib/python2.7/dist-packages/image_proc/cfg/CropDecimateConfig.py
[0m[34m[1mGenerating dynamic reconfigure files from cfg/Rectify.cfg: /home/uav_master/vision_ws/devel/.private/image_proc/include/image_proc/RectifyConfig.h /home/uav_master/vision_ws/devel/.private/image_proc/lib/python2.7/dist-packages/image_proc/cfg/RectifyConfig.py
[0m[34m[1mGenerating dynamic reconfigure files from cfg/Debayer.cfg: /home/uav_master/vision_ws/devel/.private/image_proc/include/image_proc/DebayerConfig.h /home/uav_master/vision_ws/devel/.private/image_proc/lib/python2.7/dist-packages/image_proc/cfg/DebayerConfig.py
[0mGenerating reconfiguration files for Rectify in image_proc
Wrote header file in /home/uav_master/vision_ws/devel/.private/image_proc/include/image_proc/RectifyConfig.h
Generating reconfiguration files for Debayer in image_proc
Generating reconfiguration files for CropDecimate in image_proc
Wrote header file in /home/uav_master/vision_ws/devel/.private/image_proc/include/image_proc/DebayerConfig.h
Wrote header file in /home/uav_master/vision_ws/devel/.private/image_proc/include/image_proc/CropDecimateConfig.h
[ 27%] Built target image_proc_gencfg
[35m[1mScanning dependencies of target image_proc
[0m[ 27%] [ 27%] [ 27%] [32mBuilding CXX object CMakeFiles/image_proc.dir/src/nodelets/debayer.cpp.o
[32mBuilding CXX object CMakeFiles/image_proc.dir/src/libimage_proc/processor.cpp.o
[0m[0m[ 27%] [32mBuilding CXX object CMakeFiles/image_proc.dir/src/nodelets/rectify.cpp.o
[32mBuilding CXX object CMakeFiles/image_proc.dir/src/nodelets/crop_decimate.cpp.o
[0m[0m[ 27%] [32mBuilding CXX object CMakeFiles/image_proc.dir/src/libimage_proc/advertisement_checker.cpp.o
[0m[ 27%] [32mBuilding CXX object CMakeFiles/image_proc.dir/src/nodelets/edge_aware.cpp.o
[0m[ 27%] [32mBuilding CXX object CMakeFiles/image_proc.dir/src/nodelets/crop_non_zero.cpp.o
[0m[31m[1mLinking CXX shared library /home/uav_master/vision_ws/devel/.private/image_proc/lib/libimage_proc.so
[0m[ 27%] Built target image_proc
[35m[1mScanning dependencies of target image_proc_exe
[0m[ 27%] [32mBuilding CXX object CMakeFiles/image_proc_exe.dir/src/nodes/image_proc.cpp.o
[0m[31m[1mLinking CXX executable /home/uav_master/vision_ws/devel/.private/image_proc/lib/image_proc/image_proc
[0m[ 27%] Built target image_proc_exe
