[35m[1mScanning dependencies of target roscpp_generate_messages_cpp
[35m[1mScanning dependencies of target roscpp_generate_messages_lisp
[35m[1mScanning dependencies of target std_msgs_generate_messages_py
[0m[35m[1mScanning dependencies of target sensor_msgs_generate_messages_py
[0m[  0%] [  0%] Built target sensor_msgs_generate_messages_py
Built target std_msgs_generate_messages_py
[35m[1mScanning dependencies of target roscpp_generate_messages_py
[35m[1mScanning dependencies of target sensor_msgs_generate_messages_lisp
[0m[  0%] Built target sensor_msgs_generate_messages_lisp
[35m[1mScanning dependencies of target geometry_msgs_generate_messages_cpp
[0m[0m[0m[0m[  0%] Built target geometry_msgs_generate_messages_cpp
[  0%] [  0%] [  0%] Built target roscpp_generate_messages_cpp
Built target roscpp_generate_messages_lisp
Built target roscpp_generate_messages_py
[35m[1mScanning dependencies of target rosgraph_msgs_generate_messages_cpp
[0m[35m[1mScanning dependencies of target rosgraph_msgs_generate_messages_py
[0m[35m[1mScanning dependencies of target geometry_msgs_generate_messages_lisp
[0m[35m[1mScanning dependencies of target geometry_msgs_generate_messages_py
[0m[  0%] [  0%] Built target rosgraph_msgs_generate_messages_cpp
[  0%] Built target geometry_msgs_generate_messages_lisp
[  0%] Built target rosgraph_msgs_generate_messages_py
Built target geometry_msgs_generate_messages_py
[35m[1mScanning dependencies of target sensor_msgs_generate_messages_cpp
[0m[35m[1mScanning dependencies of target std_msgs_generate_messages_cpp
[0m[35m[1mScanning dependencies of target rosgraph_msgs_generate_messages_lisp
[0m[35m[1mScanning dependencies of target std_msgs_generate_messages_lisp
[0m[  0%] [  0%] Built target sensor_msgs_generate_messages_cpp
Built target std_msgs_generate_messages_cpp
[  0%] Built target rosgraph_msgs_generate_messages_lisp
[  0%] Built target std_msgs_generate_messages_lisp
[35m[1mScanning dependencies of target image_transport
[0m[  9%] [ 18%] [ 27%] [ 36%] [32mBuilding CXX object CMakeFiles/image_transport.dir/src/camera_publisher.cpp.o
[0m[32mBuilding CXX object CMakeFiles/image_transport.dir/src/camera_common.cpp.o
[32mBuilding CXX object CMakeFiles/image_transport.dir/src/camera_subscriber.cpp.o
[0m[0m[32mBuilding CXX object CMakeFiles/image_transport.dir/src/image_transport.cpp.o
[0m[ 45%] [32mBuilding CXX object CMakeFiles/image_transport.dir/src/publisher.cpp.o
[0m[ 54%] [32mBuilding CXX object CMakeFiles/image_transport.dir/src/single_subscriber_publisher.cpp.o
[0m[ 63%] [32mBuilding CXX object CMakeFiles/image_transport.dir/src/subscriber.cpp.o
[0m[31m[1mLinking CXX shared library /home/uav_master/vision_ws/devel/.private/image_transport/lib/libimage_transport.so
[0m[ 63%] Built target image_transport
[35m[1mScanning dependencies of target republish
[35m[1mScanning dependencies of target list_transports
[35m[1mScanning dependencies of target image_transport_plugins
[0m[0m[0m[ 72%] [32mBuilding CXX object CMakeFiles/republish.dir/src/republish.cpp.o
[0m[ 81%] [ 90%] [100%] [32mBuilding CXX object CMakeFiles/image_transport_plugins.dir/src/manifest.cpp.o
[0m[32mBuilding CXX object CMakeFiles/list_transports.dir/src/list_transports.cpp.o
[0m[32mBuilding CXX object CMakeFiles/image_transport_plugins.dir/src/raw_publisher.cpp.o
[0m[31m[1mLinking CXX shared library /home/uav_master/vision_ws/devel/.private/image_transport/lib/libimage_transport_plugins.so
[0m[100%] Built target image_transport_plugins
[31m[1mLinking CXX executable /home/uav_master/vision_ws/devel/.private/image_transport/lib/image_transport/republish
[0m[100%] Built target republish
[31m[1mLinking CXX executable /home/uav_master/vision_ws/devel/.private/image_transport/lib/image_transport/list_transports
[0m[100%] Built target list_transports
