Not searching for unused variables given on the command line.
[36m--[0m The C compiler identification is GNU 4.8.4
[36m--[0m The CXX compiler identification is GNU 4.8.4
[36m--[0m Check for working C compiler: /usr/bin/cc
[36m--[0m Check for working C compiler: /usr/bin/cc -- works
[36m--[0m Detecting C compiler ABI info
[36m--[0m Detecting C compiler ABI info - done
[36m--[0m Detecting C compile features
[36m--[0m Detecting C compile features - done
[36m--[0m Check for working CXX compiler: /usr/bin/c++
[36m--[0m Check for working CXX compiler: /usr/bin/c++ -- works
[36m--[0m Detecting CXX compiler ABI info
[36m--[0m Detecting CXX compiler ABI info - done
[36m--[0m Detecting CXX compile features
[36m--[0m Detecting CXX compile features - done
[36m--[0m Using CATKIN_DEVEL_PREFIX: /home/uav_master/vision_ws/devel/.private/apriltag_ros
[36m--[0m Using CMAKE_PREFIX_PATH: /home/uav_master/vision_ws/devel;/opt/ros/indigo
[36m--[0m This workspace overlays: /home/uav_master/vision_ws/devel;/opt/ros/indigo
[36m--[0m Found PythonInterp: /usr/bin/python (found version "2.7.6")
[36m--[0m Using PYTHON_EXECUTABLE: /usr/bin/python
[36m--[0m Using Debian Python package layout
[36m--[0m Using empy: /usr/bin/empy
[36m--[0m Using CATKIN_ENABLE_TESTING: ON
[36m--[0m Call enable_testing()
[36m--[0m Using CATKIN_TEST_RESULTS_DIR: /home/uav_master/vision_ws/build/apriltag_ros/test_results
[36m--[0m Looking for include file pthread.h
[36m--[0m Looking for include file pthread.h - found
[36m--[0m Looking for pthread_create
[36m--[0m Looking for pthread_create - not found
[36m--[0m Looking for pthread_create in pthreads
[36m--[0m Looking for pthread_create in pthreads - not found
[36m--[0m Looking for pthread_create in pthread
[36m--[0m Looking for pthread_create in pthread - found
[36m--[0m Found Threads: TRUE
[36m--[0m Found gtest sources under '/usr/src/gtest': gtests will be built
[36m--[0m Using Python nosetests: /usr/bin/nosetests-2.7
[36m--[0m catkin 0.6.18
[36m--[0m Using these message generators: gencpp;genlisp;genpy
[36m--[0m Failed to find gtsam - Could not find gtsam include directory, set GTSAM_INCLUDE_DIR to directory containing gtsam/config.h
[36m--[0m Failed to find gtsam - Could not find gtsam library, set GTSAM_LIBRARY to full path to libgtsam.
[36m--[0m Could NOT find Gtsam (missing:  GTSAM_INCLUDE_DIRS)
[36m--[0m Found PkgConfig: /usr/bin/pkg-config (found version "0.26")
[36m--[0m checking for module 'eigen3'
[36m--[0m   found eigen3, version 3.2.0
[36m--[0m Found Eigen: /usr/include/eigen3
[36m--[0m Eigen found (include: /usr/include/eigen3)
[36m--[0m apriltag_ros: 2 messages, 0 services
CMake Error: The following variables are used in this project, but they are set to NOTFOUND.
Please set them or make sure they are set and tested correctly in the CMake files:
GTSAM_INCLUDE_DIR
   used as include directory in directory /home/uav_master/vision_ws/src/aprilslam/apriltag_ros
   used as include directory in directory /home/uav_master/vision_ws/src/aprilslam/apriltag_ros
   used as include directory in directory /home/uav_master/vision_ws/src/aprilslam/apriltag_ros
   used as include directory in directory /home/uav_master/vision_ws/src/aprilslam/apriltag_ros
   used as include directory in directory /home/uav_master/vision_ws/src/aprilslam/apriltag_ros
   used as include directory in directory /home/uav_master/vision_ws/src/aprilslam/apriltag_ros
   used as include directory in directory /home/uav_master/vision_ws/src/aprilslam/apriltag_ros
   used as include directory in directory /home/uav_master/vision_ws/src/aprilslam/apriltag_ros
   used as include directory in directory /home/uav_master/vision_ws/src/aprilslam/apriltag_ros
   used as include directory in directory /home/uav_master/vision_ws/src/aprilslam/apriltag_ros
   used as include directory in directory /home/uav_master/vision_ws/src/aprilslam/apriltag_ros
   used as include directory in directory /home/uav_master/vision_ws/src/aprilslam/apriltag_ros
   used as include directory in directory /home/uav_master/vision_ws/src/aprilslam/apriltag_ros
   used as include directory in directory /home/uav_master/vision_ws/src/aprilslam/apriltag_ros
   used as include directory in directory /home/uav_master/vision_ws/src/aprilslam/apriltag_ros
   used as include directory in directory /home/uav_master/vision_ws/src/aprilslam/apriltag_ros
   used as include directory in directory /home/uav_master/vision_ws/src/aprilslam/apriltag_ros
   used as include directory in directory /home/uav_master/vision_ws/src/aprilslam/apriltag_ros
   used as include directory in directory /home/uav_master/vision_ws/src/aprilslam/apriltag_ros
   used as include directory in directory /home/uav_master/vision_ws/src/aprilslam/apriltag_ros
   used as include directory in directory /home/uav_master/vision_ws/src/aprilslam/apriltag_ros
   used as include directory in directory /home/uav_master/vision_ws/src/aprilslam/apriltag_ros
   used as include directory in directory /home/uav_master/vision_ws/src/aprilslam/apriltag_ros
   used as include directory in directory /home/uav_master/vision_ws/src/aprilslam/apriltag_ros
   used as include directory in directory /home/uav_master/vision_ws/src/aprilslam/apriltag_ros
   used as include directory in directory /home/uav_master/vision_ws/src/aprilslam/apriltag_ros
   used as include directory in directory /home/uav_master/vision_ws/src/aprilslam/apriltag_ros
   used as include directory in directory /home/uav_master/vision_ws/src/aprilslam/apriltag_ros
   used as include directory in directory /home/uav_master/vision_ws/src/aprilslam/apriltag_ros
   used as include directory in directory /home/uav_master/vision_ws/src/aprilslam/apriltag_ros
   used as include directory in directory /home/uav_master/vision_ws/src/aprilslam/apriltag_ros
   used as include directory in directory /home/uav_master/vision_ws/src/aprilslam/apriltag_ros
   used as include directory in directory /home/uav_master/vision_ws/src/aprilslam/apriltag_ros
   used as include directory in directory /home/uav_master/vision_ws/src/aprilslam/apriltag_ros
   used as include directory in directory /home/uav_master/vision_ws/src/aprilslam/apriltag_ros
   used as include directory in directory /home/uav_master/vision_ws/src/aprilslam/apriltag_ros
   used as include directory in directory /home/uav_master/vision_ws/src/aprilslam/apriltag_ros
   used as include directory in directory /home/uav_master/vision_ws/src/aprilslam/apriltag_ros
   used as include directory in directory /home/uav_master/vision_ws/src/aprilslam/apriltag_ros
   used as include directory in directory /home/uav_master/vision_ws/src/aprilslam/apriltag_ros
   used as include directory in directory /home/uav_master/vision_ws/src/aprilslam/apriltag_ros
GTSAM_LIBRARY
    linked by target "apriltag_ros" in directory /home/uav_master/vision_ws/src/aprilslam/apriltag_ros

[36m--[0m Configuring incomplete, errors occurred!
See also "/home/uav_master/vision_ws/build/apriltag_ros/CMakeFiles/CMakeOutput.log".
See also "/home/uav_master/vision_ws/build/apriltag_ros/CMakeFiles/CMakeError.log".
