In file included from /home/uav_master/vision_ws/src/rovio/src/feature_tracker_node.cpp:29:0:
/home/uav_master/vision_ws/src/rovio/src/../include/rovio/featureTracker.hpp:33:45: fatal error: image_transport/image_transport.h: No such file or directory
 #include <image_transport/image_transport.h>
                                             ^
compilation terminated.
make[2]: *** [CMakeFiles/feature_tracker_node.dir/src/feature_tracker_node.cpp.o] Error 1
make[1]: *** [CMakeFiles/feature_tracker_node.dir/all] Error 2
make[1]: *** Waiting for unfinished jobs....
CMakeFiles/rovio_node.dir/src/rovio_node.cpp.o: In function `cv::String::String(char const*)':
rovio_node.cpp:(.text._ZN2cv6StringC2EPKc[_ZN2cv6StringC5EPKc]+0x4f): undefined reference to `cv::String::allocate(unsigned long)'
CMakeFiles/rovio_node.dir/src/rovio_node.cpp.o: In function `cv::String::~String()':
rovio_node.cpp:(.text._ZN2cv6StringD2Ev[_ZN2cv6StringD5Ev]+0x14): undefined reference to `cv::String::deallocate()'
CMakeFiles/rovio_node.dir/src/rovio_node.cpp.o: In function `cv::String::String(std::string const&)':
rovio_node.cpp:(.text._ZN2cv6StringC2ERKSs[_ZN2cv6StringC5ERKSs]+0x69): undefined reference to `cv::String::allocate(unsigned long)'
CMakeFiles/rovio_node.dir/src/rovio_node.cpp.o: In function `rovio::RovioNode<rovio::RovioFilter<rovio::FilterState<25u, 4, 8, 1, 0> > >::updateAndPublish()':
rovio_node.cpp:(.text._ZN5rovio9RovioNodeINS_11RovioFilterINS_11FilterStateILj25ELi4ELi8ELi1ELi0EEEEEE16updateAndPublishEv[_ZN5rovio9RovioNodeINS_11RovioFilterINS_11FilterStateILj25ELi4ELi8ELi1ELi0EEEEEE16updateAndPublishEv]+0x4cd): undefined reference to `cv::imshow(cv::String const&, cv::_InputArray const&)'
rovio_node.cpp:(.text._ZN5rovio9RovioNodeINS_11RovioFilterINS_11FilterStateILj25ELi4ELi8ELi1ELi0EEEEEE16updateAndPublishEv[_ZN5rovio9RovioNodeINS_11RovioFilterINS_11FilterStateILj25ELi4ELi8ELi1ELi0EEEEEE16updateAndPublishEv]+0x5d5): undefined reference to `cv::imshow(cv::String const&, cv::_InputArray const&)'
CMakeFiles/rovio_node.dir/src/rovio_node.cpp.o: In function `rovio::ImgUpdate<rovio::FilterState<25u, 4, 8, 1, 0> >::preProcess(rovio::FilterState<25u, 4, 8, 1, 0>&, rovio::ImgUpdateMeas<rovio::State<25u, 4, 8, 1, 0> > const&, bool&)':
rovio_node.cpp:(.text._ZN5rovio9ImgUpdateINS_11FilterStateILj25ELi4ELi8ELi1ELi0EEEE10preProcessERS2_RKNS_13ImgUpdateMeasINS_5StateILj25ELi4ELi8ELi1ELi0EEEEERb[_ZN5rovio9ImgUpdateINS_11FilterStateILj25ELi4ELi8ELi1ELi0EEEE10preProcessERS2_RKNS_13ImgUpdateMeasINS_5StateILj25ELi4ELi8ELi1ELi0EEEEERb]+0x3cc): undefined reference to `cv::putText(cv::_InputOutputArray const&, cv::String const&, cv::Point_<int>, int, double, cv::Scalar_<double>, int, int, bool)'
rovio_node.cpp:(.text._ZN5rovio9ImgUpdateINS_11FilterStateILj25ELi4ELi8ELi1ELi0EEEE10preProcessERS2_RKNS_13ImgUpdateMeasINS_5StateILj25ELi4ELi8ELi1ELi0EEEEERb[_ZN5rovio9ImgUpdateINS_11FilterStateILj25ELi4ELi8ELi1ELi0EEEE10preProcessERS2_RKNS_13ImgUpdateMeasINS_5StateILj25ELi4ELi8ELi1ELi0EEEEERb]+0xd76): undefined reference to `cv::circle(cv::_InputOutputArray const&, cv::Point_<int>, int, cv::Scalar_<double> const&, int, int, int)'
rovio_node.cpp:(.text._ZN5rovio9ImgUpdateINS_11FilterStateILj25ELi4ELi8ELi1ELi0EEEE10preProcessERS2_RKNS_13ImgUpdateMeasINS_5StateILj25ELi4ELi8ELi1ELi0EEEEERb[_ZN5rovio9ImgUpdateINS_11FilterStateILj25ELi4ELi8ELi1ELi0EEEE10preProcessERS2_RKNS_13ImgUpdateMeasINS_5StateILj25ELi4ELi8ELi1ELi0EEEEERb]+0x117f): undefined reference to `cv::circle(cv::_InputOutputArray const&, cv::Point_<int>, int, cv::Scalar_<double> const&, int, int, int)'
rovio_node.cpp:(.text._ZN5rovio9ImgUpdateINS_11FilterStateILj25ELi4ELi8ELi1ELi0EEEE10preProcessERS2_RKNS_13ImgUpdateMeasINS_5StateILj25ELi4ELi8ELi1ELi0EEEEERb[_ZN5rovio9ImgUpdateINS_11FilterStateILj25ELi4ELi8ELi1ELi0EEEE10preProcessERS2_RKNS_13ImgUpdateMeasINS_5StateILj25ELi4ELi8ELi1ELi0EEEEERb]+0x1409): undefined reference to `cv::circle(cv::_InputOutputArray const&, cv::Point_<int>, int, cv::Scalar_<double> const&, int, int, int)'
rovio_node.cpp:(.text._ZN5rovio9ImgUpdateINS_11FilterStateILj25ELi4ELi8ELi1ELi0EEEE10preProcessERS2_RKNS_13ImgUpdateMeasINS_5StateILj25ELi4ELi8ELi1ELi0EEEEERb[_ZN5rovio9ImgUpdateINS_11FilterStateILj25ELi4ELi8ELi1ELi0EEEE10preProcessERS2_RKNS_13ImgUpdateMeasINS_5StateILj25ELi4ELi8ELi1ELi0EEEEERb]+0x1665): undefined reference to `cv::circle(cv::_InputOutputArray const&, cv::Point_<int>, int, cv::Scalar_<double> const&, int, int, int)'
rovio_node.cpp:(.text._ZN5rovio9ImgUpdateINS_11FilterStateILj25ELi4ELi8ELi1ELi0EEEE10preProcessERS2_RKNS_13ImgUpdateMeasINS_5StateILj25ELi4ELi8ELi1ELi0EEEEERb[_ZN5rovio9ImgUpdateINS_11FilterStateILj25ELi4ELi8ELi1ELi0EEEE10preProcessERS2_RKNS_13ImgUpdateMeasINS_5StateILj25ELi4ELi8ELi1ELi0EEEEERb]+0x185b): undefined reference to `cv::circle(cv::_InputOutputArray const&, cv::Point_<int>, int, cv::Scalar_<double> const&, int, int, int)'
CMakeFiles/rovio_node.dir/src/rovio_node.cpp.o:rovio_node.cpp:(.text._ZN5rovio9ImgUpdateINS_11FilterStateILj25ELi4ELi8ELi1ELi0EEEE10preProcessERS2_RKNS_13ImgUpdateMeasINS_5StateILj25ELi4ELi8ELi1ELi0EEEEERb[_ZN5rovio9ImgUpdateINS_11FilterStateILj25ELi4ELi8ELi1ELi0EEEE10preProcessERS2_RKNS_13ImgUpdateMeasINS_5StateILj25ELi4ELi8ELi1ELi0EEEEERb]+0x198b): more undefined references to `cv::circle(cv::_InputOutputArray const&, cv::Point_<int>, int, cv::Scalar_<double> const&, int, int, int)' follow
CMakeFiles/rovio_node.dir/src/rovio_node.cpp.o: In function `rovio::ImgUpdate<rovio::FilterState<25u, 4, 8, 1, 0> >::postProcess(rovio::FilterState<25u, 4, 8, 1, 0>&, rovio::ImgUpdateMeas<rovio::State<25u, 4, 8, 1, 0> > const&, rovio::ImgOutlierDetection<rovio::State<25u, 4, 8, 1, 0> > const&, bool&)':
rovio_node.cpp:(.text._ZN5rovio9ImgUpdateINS_11FilterStateILj25ELi4ELi8ELi1ELi0EEEE11postProcessERS2_RKNS_13ImgUpdateMeasINS_5StateILj25ELi4ELi8ELi1ELi0EEEEERKNS_19ImgOutlierDetectionIS7_EERb[_ZN5rovio9ImgUpdateINS_11FilterStateILj25ELi4ELi8ELi1ELi0EEEE11postProcessERS2_RKNS_13ImgUpdateMeasINS_5StateILj25ELi4ELi8ELi1ELi0EEEEERKNS_19ImgOutlierDetectionIS7_EERb]+0xe09): undefined reference to `cv::rectangle(cv::_InputOutputArray const&, cv::Point_<int>, cv::Point_<int>, cv::Scalar_<double> const&, int, int, int)'
rovio_node.cpp:(.text._ZN5rovio9ImgUpdateINS_11FilterStateILj25ELi4ELi8ELi1ELi0EEEE11postProcessERS2_RKNS_13ImgUpdateMeasINS_5StateILj25ELi4ELi8ELi1ELi0EEEEERKNS_19ImgOutlierDetectionIS7_EERb[_ZN5rovio9ImgUpdateINS_11FilterStateILj25ELi4ELi8ELi1ELi0EEEE11postProcessERS2_RKNS_13ImgUpdateMeasINS_5StateILj25ELi4ELi8ELi1ELi0EEEEERKNS_19ImgOutlierDetectionIS7_EERb]+0xf1b): undefined reference to `cv::rectangle(cv::_InputOutputArray const&, cv::Point_<int>, cv::Point_<int>, cv::Scalar_<double> const&, int, int, int)'
CMakeFiles/rovio_node.dir/src/rovio_node.cpp.o: In function `rovio::ImgUpdate<rovio::FilterState<25u, 4, 8, 1, 0> >::commonPostProcess(rovio::FilterState<25u, 4, 8, 1, 0>&, rovio::ImgUpdateMeas<rovio::State<25u, 4, 8, 1, 0> > const&)':
rovio_node.cpp:(.text._ZN5rovio9ImgUpdateINS_11FilterStateILj25ELi4ELi8ELi1ELi0EEEE17commonPostProcessERS2_RKNS_13ImgUpdateMeasINS_5StateILj25ELi4ELi8ELi1ELi0EEEEE[_ZN5rovio9ImgUpdateINS_11FilterStateILj25ELi4ELi8ELi1ELi0EEEE17commonPostProcessERS2_RKNS_13ImgUpdateMeasINS_5StateILj25ELi4ELi8ELi1ELi0EEEEE]+0x52e): undefined reference to `cv::line(cv::_InputOutputArray const&, cv::Point_<int>, cv::Point_<int>, cv::Scalar_<double> const&, int, int, int)'
rovio_node.cpp:(.text._ZN5rovio9ImgUpdateINS_11FilterStateILj25ELi4ELi8ELi1ELi0EEEE17commonPostProcessERS2_RKNS_13ImgUpdateMeasINS_5StateILj25ELi4ELi8ELi1ELi0EEEEE[_ZN5rovio9ImgUpdateINS_11FilterStateILj25ELi4ELi8ELi1ELi0EEEE17commonPostProcessERS2_RKNS_13ImgUpdateMeasINS_5StateILj25ELi4ELi8ELi1ELi0EEEEE]+0x6aa): undefined reference to `cv::line(cv::_InputOutputArray const&, cv::Point_<int>, cv::Point_<int>, cv::Scalar_<double> const&, int, int, int)'
rovio_node.cpp:(.text._ZN5rovio9ImgUpdateINS_11FilterStateILj25ELi4ELi8ELi1ELi0EEEE17commonPostProcessERS2_RKNS_13ImgUpdateMeasINS_5StateILj25ELi4ELi8ELi1ELi0EEEEE[_ZN5rovio9ImgUpdateINS_11FilterStateILj25ELi4ELi8ELi1ELi0EEEE17commonPostProcessERS2_RKNS_13ImgUpdateMeasINS_5StateILj25ELi4ELi8ELi1ELi0EEEEE]+0x812): undefined reference to `cv::line(cv::_InputOutputArray const&, cv::Point_<int>, cv::Point_<int>, cv::Scalar_<double> const&, int, int, int)'
rovio_node.cpp:(.text._ZN5rovio9ImgUpdateINS_11FilterStateILj25ELi4ELi8ELi1ELi0EEEE17commonPostProcessERS2_RKNS_13ImgUpdateMeasINS_5StateILj25ELi4ELi8ELi1ELi0EEEEE[_ZN5rovio9ImgUpdateINS_11FilterStateILj25ELi4ELi8ELi1ELi0EEEE17commonPostProcessERS2_RKNS_13ImgUpdateMeasINS_5StateILj25ELi4ELi8ELi1ELi0EEEEE]+0x97a): undefined reference to `cv::line(cv::_InputOutputArray const&, cv::Point_<int>, cv::Point_<int>, cv::Scalar_<double> const&, int, int, int)'
rovio_node.cpp:(.text._ZN5rovio9ImgUpdateINS_11FilterStateILj25ELi4ELi8ELi1ELi0EEEE17commonPostProcessERS2_RKNS_13ImgUpdateMeasINS_5StateILj25ELi4ELi8ELi1ELi0EEEEE[_ZN5rovio9ImgUpdateINS_11FilterStateILj25ELi4ELi8ELi1ELi0EEEE17commonPostProcessERS2_RKNS_13ImgUpdateMeasINS_5StateILj25ELi4ELi8ELi1ELi0EEEEE]+0x198e): undefined reference to `cv::putText(cv::_InputOutputArray const&, cv::String const&, cv::Point_<int>, int, double, cv::Scalar_<double>, int, int, bool)'
CMakeFiles/rovio_node.dir/src/rovio_node.cpp.o: In function `rovio::ImgUpdate<rovio::FilterState<25u, 4, 8, 1, 0> >::drawVirtualHorizon(rovio::FilterState<25u, 4, 8, 1, 0>&, int)':
rovio_node.cpp:(.text._ZN5rovio9ImgUpdateINS_11FilterStateILj25ELi4ELi8ELi1ELi0EEEE18drawVirtualHorizonERS2_i[_ZN5rovio9ImgUpdateINS_11FilterStateILj25ELi4ELi8ELi1ELi0EEEE18drawVirtualHorizonERS2_i]+0x158): undefined reference to `cv::rectangle(cv::_InputOutputArray const&, cv::Point_<int>, cv::Point_<int>, cv::Scalar_<double> const&, int, int, int)'
rovio_node.cpp:(.text._ZN5rovio9ImgUpdateINS_11FilterStateILj25ELi4ELi8ELi1ELi0EEEE18drawVirtualHorizonERS2_i[_ZN5rovio9ImgUpdateINS_11FilterStateILj25ELi4ELi8ELi1ELi0EEEE18drawVirtualHorizonERS2_i]+0x28c): undefined reference to `cv::rectangle(cv::_InputOutputArray const&, cv::Point_<int>, cv::Point_<int>, cv::Scalar_<double> const&, int, int, int)'
rovio_node.cpp:(.text._ZN5rovio9ImgUpdateINS_11FilterStateILj25ELi4ELi8ELi1ELi0EEEE18drawVirtualHorizonERS2_i[_ZN5rovio9ImgUpdateINS_11FilterStateILj25ELi4ELi8ELi1ELi0EEEE18drawVirtualHorizonERS2_i]+0x3bd): undefined reference to `cv::putText(cv::_InputOutputArray const&, cv::String const&, cv::Point_<int>, int, double, cv::Scalar_<double>, int, int, bool)'
rovio_node.cpp:(.text._ZN5rovio9ImgUpdateINS_11FilterStateILj25ELi4ELi8ELi1ELi0EEEE18drawVirtualHorizonERS2_i[_ZN5rovio9ImgUpdateINS_11FilterStateILj25ELi4ELi8ELi1ELi0EEEE18drawVirtualHorizonERS2_i]+0x59c): undefined reference to `cv::circle(cv::_InputOutputArray const&, cv::Point_<int>, int, cv::Scalar_<double> const&, int, int, int)'
rovio_node.cpp:(.text._ZN5rovio9ImgUpdateINS_11FilterStateILj25ELi4ELi8ELi1ELi0EEEE18drawVirtualHorizonERS2_i[_ZN5rovio9ImgUpdateINS_11FilterStateILj25ELi4ELi8ELi1ELi0EEEE18drawVirtualHorizonERS2_i]+0x62a): undefined reference to `cv::circle(cv::_InputOutputArray const&, cv::Point_<int>, int, cv::Scalar_<double> const&, int, int, int)'
rovio_node.cpp:(.text._ZN5rovio9ImgUpdateINS_11FilterStateILj25ELi4ELi8ELi1ELi0EEEE18drawVirtualHorizonERS2_i[_ZN5rovio9ImgUpdateINS_11FilterStateILj25ELi4ELi8ELi1ELi0EEEE18drawVirtualHorizonERS2_i]+0xb41): undefined reference to `cv::line(cv::_InputOutputArray const&, cv::Point_<int>, cv::Point_<int>, cv::Scalar_<double> const&, int, int, int)'
rovio_node.cpp:(.text._ZN5rovio9ImgUpdateINS_11FilterStateILj25ELi4ELi8ELi1ELi0EEEE18drawVirtualHorizonERS2_i[_ZN5rovio9ImgUpdateINS_11FilterStateILj25ELi4ELi8ELi1ELi0EEEE18drawVirtualHorizonERS2_i]+0xc2d): undefined reference to `cv::line(cv::_InputOutputArray const&, cv::Point_<int>, cv::Point_<int>, cv::Scalar_<double> const&, int, int, int)'
rovio_node.cpp:(.text._ZN5rovio9ImgUpdateINS_11FilterStateILj25ELi4ELi8ELi1ELi0EEEE18drawVirtualHorizonERS2_i[_ZN5rovio9ImgUpdateINS_11FilterStateILj25ELi4ELi8ELi1ELi0EEEE18drawVirtualHorizonERS2_i]+0xcf7): undefined reference to `cv::ellipse(cv::_InputOutputArray const&, cv::Point_<int>, cv::Size_<int>, double, double, double, cv::Scalar_<double> const&, int, int, int)'
rovio_node.cpp:(.text._ZN5rovio9ImgUpdateINS_11FilterStateILj25ELi4ELi8ELi1ELi0EEEE18drawVirtualHorizonERS2_i[_ZN5rovio9ImgUpdateINS_11FilterStateILj25ELi4ELi8ELi1ELi0EEEE18drawVirtualHorizonERS2_i]+0xd8b): undefined reference to `cv::circle(cv::_InputOutputArray const&, cv::Point_<int>, int, cv::Scalar_<double> const&, int, int, int)'
CMakeFiles/rovio_node.dir/src/rovio_node.cpp.o: In function `rovio::Patch<8>::drawPatchBorder(cv::Mat&, rovio::FeatureCoordinates const&, float, cv::Scalar_<double> const&) const':
rovio_node.cpp:(.text._ZNK5rovio5PatchILi8EE15drawPatchBorderERN2cv3MatERKNS_18FeatureCoordinatesEfRKNS2_7Scalar_IdEE[_ZNK5rovio5PatchILi8EE15drawPatchBorderERN2cv3MatERKNS_18FeatureCoordinatesEfRKNS2_7Scalar_IdEE]+0x207): undefined reference to `cv::line(cv::_InputOutputArray const&, cv::Point_<int>, cv::Point_<int>, cv::Scalar_<double> const&, int, int, int)'
rovio_node.cpp:(.text._ZNK5rovio5PatchILi8EE15drawPatchBorderERN2cv3MatERKNS_18FeatureCoordinatesEfRKNS2_7Scalar_IdEE[_ZNK5rovio5PatchILi8EE15drawPatchBorderERN2cv3MatERKNS_18FeatureCoordinatesEfRKNS2_7Scalar_IdEE]+0x30c): undefined reference to `cv::line(cv::_InputOutputArray const&, cv::Point_<int>, cv::Point_<int>, cv::Scalar_<double> const&, int, int, int)'
rovio_node.cpp:(.text._ZNK5rovio5PatchILi8EE15drawPatchBorderERN2cv3MatERKNS_18FeatureCoordinatesEfRKNS2_7Scalar_IdEE[_ZNK5rovio5PatchILi8EE15drawPatchBorderERN2cv3MatERKNS_18FeatureCoordinatesEfRKNS2_7Scalar_IdEE]+0x413): undefined reference to `cv::line(cv::_InputOutputArray const&, cv::Point_<int>, cv::Point_<int>, cv::Scalar_<double> const&, int, int, int)'
rovio_node.cpp:(.text._ZNK5rovio5PatchILi8EE15drawPatchBorderERN2cv3MatERKNS_18FeatureCoordinatesEfRKNS2_7Scalar_IdEE[_ZNK5rovio5PatchILi8EE15drawPatchBorderERN2cv3MatERKNS_18FeatureCoordinatesEfRKNS2_7Scalar_IdEE]+0x519): undefined reference to `cv::line(cv::_InputOutputArray const&, cv::Point_<int>, cv::Point_<int>, cv::Scalar_<double> const&, int, int, int)'
collect2: error: ld returned 1 exit status
make[2]: *** [/home/uav_master/vision_ws/devel/.private/rovio/lib/rovio/rovio_node] Error 1
make[1]: *** [CMakeFiles/rovio_node.dir/all] Error 2
CMakeFiles/rovio_rosbag_loader.dir/src/rovio_rosbag_loader.cpp.o: In function `cv::String::String(char const*)':
rovio_rosbag_loader.cpp:(.text._ZN2cv6StringC2EPKc[_ZN2cv6StringC5EPKc]+0x4f): undefined reference to `cv::String::allocate(unsigned long)'
CMakeFiles/rovio_rosbag_loader.dir/src/rovio_rosbag_loader.cpp.o: In function `cv::String::~String()':
rovio_rosbag_loader.cpp:(.text._ZN2cv6StringD2Ev[_ZN2cv6StringD5Ev]+0x14): undefined reference to `cv::String::deallocate()'
CMakeFiles/rovio_rosbag_loader.dir/src/rovio_rosbag_loader.cpp.o: In function `cv::String::String(std::string const&)':
rovio_rosbag_loader.cpp:(.text._ZN2cv6StringC2ERKSs[_ZN2cv6StringC5ERKSs]+0x69): undefined reference to `cv::String::allocate(unsigned long)'
CMakeFiles/rovio_rosbag_loader.dir/src/rovio_rosbag_loader.cpp.o: In function `rovio::RovioNode<rovio::RovioFilter<rovio::FilterState<25u, 4, 8, 1, 0> > >::updateAndPublish()':
rovio_rosbag_loader.cpp:(.text._ZN5rovio9RovioNodeINS_11RovioFilterINS_11FilterStateILj25ELi4ELi8ELi1ELi0EEEEEE16updateAndPublishEv[_ZN5rovio9RovioNodeINS_11RovioFilterINS_11FilterStateILj25ELi4ELi8ELi1ELi0EEEEEE16updateAndPublishEv]+0x4cd): undefined reference to `cv::imshow(cv::String const&, cv::_InputArray const&)'
rovio_rosbag_loader.cpp:(.text._ZN5rovio9RovioNodeINS_11RovioFilterINS_11FilterStateILj25ELi4ELi8ELi1ELi0EEEEEE16updateAndPublishEv[_ZN5rovio9RovioNodeINS_11RovioFilterINS_11FilterStateILj25ELi4ELi8ELi1ELi0EEEEEE16updateAndPublishEv]+0x5d5): undefined reference to `cv::imshow(cv::String const&, cv::_InputArray const&)'
CMakeFiles/rovio_rosbag_loader.dir/src/rovio_rosbag_loader.cpp.o: In function `rovio::ImgUpdate<rovio::FilterState<25u, 4, 8, 1, 0> >::preProcess(rovio::FilterState<25u, 4, 8, 1, 0>&, rovio::ImgUpdateMeas<rovio::State<25u, 4, 8, 1, 0> > const&, bool&)':
rovio_rosbag_loader.cpp:(.text._ZN5rovio9ImgUpdateINS_11FilterStateILj25ELi4ELi8ELi1ELi0EEEE10preProcessERS2_RKNS_13ImgUpdateMeasINS_5StateILj25ELi4ELi8ELi1ELi0EEEEERb[_ZN5rovio9ImgUpdateINS_11FilterStateILj25ELi4ELi8ELi1ELi0EEEE10preProcessERS2_RKNS_13ImgUpdateMeasINS_5StateILj25ELi4ELi8ELi1ELi0EEEEERb]+0x3cc): undefined reference to `cv::putText(cv::_InputOutputArray const&, cv::String const&, cv::Point_<int>, int, double, cv::Scalar_<double>, int, int, bool)'
rovio_rosbag_loader.cpp:(.text._ZN5rovio9ImgUpdateINS_11FilterStateILj25ELi4ELi8ELi1ELi0EEEE10preProcessERS2_RKNS_13ImgUpdateMeasINS_5StateILj25ELi4ELi8ELi1ELi0EEEEERb[_ZN5rovio9ImgUpdateINS_11FilterStateILj25ELi4ELi8ELi1ELi0EEEE10preProcessERS2_RKNS_13ImgUpdateMeasINS_5StateILj25ELi4ELi8ELi1ELi0EEEEERb]+0xd76): undefined reference to `cv::circle(cv::_InputOutputArray const&, cv::Point_<int>, int, cv::Scalar_<double> const&, int, int, int)'
rovio_rosbag_loader.cpp:(.text._ZN5rovio9ImgUpdateINS_11FilterStateILj25ELi4ELi8ELi1ELi0EEEE10preProcessERS2_RKNS_13ImgUpdateMeasINS_5StateILj25ELi4ELi8ELi1ELi0EEEEERb[_ZN5rovio9ImgUpdateINS_11FilterStateILj25ELi4ELi8ELi1ELi0EEEE10preProcessERS2_RKNS_13ImgUpdateMeasINS_5StateILj25ELi4ELi8ELi1ELi0EEEEERb]+0x117f): undefined reference to `cv::circle(cv::_InputOutputArray const&, cv::Point_<int>, int, cv::Scalar_<double> const&, int, int, int)'
rovio_rosbag_loader.cpp:(.text._ZN5rovio9ImgUpdateINS_11FilterStateILj25ELi4ELi8ELi1ELi0EEEE10preProcessERS2_RKNS_13ImgUpdateMeasINS_5StateILj25ELi4ELi8ELi1ELi0EEEEERb[_ZN5rovio9ImgUpdateINS_11FilterStateILj25ELi4ELi8ELi1ELi0EEEE10preProcessERS2_RKNS_13ImgUpdateMeasINS_5StateILj25ELi4ELi8ELi1ELi0EEEEERb]+0x1409): undefined reference to `cv::circle(cv::_InputOutputArray const&, cv::Point_<int>, int, cv::Scalar_<double> const&, int, int, int)'
rovio_rosbag_loader.cpp:(.text._ZN5rovio9ImgUpdateINS_11FilterStateILj25ELi4ELi8ELi1ELi0EEEE10preProcessERS2_RKNS_13ImgUpdateMeasINS_5StateILj25ELi4ELi8ELi1ELi0EEEEERb[_ZN5rovio9ImgUpdateINS_11FilterStateILj25ELi4ELi8ELi1ELi0EEEE10preProcessERS2_RKNS_13ImgUpdateMeasINS_5StateILj25ELi4ELi8ELi1ELi0EEEEERb]+0x1665): undefined reference to `cv::circle(cv::_InputOutputArray const&, cv::Point_<int>, int, cv::Scalar_<double> const&, int, int, int)'
rovio_rosbag_loader.cpp:(.text._ZN5rovio9ImgUpdateINS_11FilterStateILj25ELi4ELi8ELi1ELi0EEEE10preProcessERS2_RKNS_13ImgUpdateMeasINS_5StateILj25ELi4ELi8ELi1ELi0EEEEERb[_ZN5rovio9ImgUpdateINS_11FilterStateILj25ELi4ELi8ELi1ELi0EEEE10preProcessERS2_RKNS_13ImgUpdateMeasINS_5StateILj25ELi4ELi8ELi1ELi0EEEEERb]+0x185b): undefined reference to `cv::circle(cv::_InputOutputArray const&, cv::Point_<int>, int, cv::Scalar_<double> const&, int, int, int)'
CMakeFiles/rovio_rosbag_loader.dir/src/rovio_rosbag_loader.cpp.o:rovio_rosbag_loader.cpp:(.text._ZN5rovio9ImgUpdateINS_11FilterStateILj25ELi4ELi8ELi1ELi0EEEE10preProcessERS2_RKNS_13ImgUpdateMeasINS_5StateILj25ELi4ELi8ELi1ELi0EEEEERb[_ZN5rovio9ImgUpdateINS_11FilterStateILj25ELi4ELi8ELi1ELi0EEEE10preProcessERS2_RKNS_13ImgUpdateMeasINS_5StateILj25ELi4ELi8ELi1ELi0EEEEERb]+0x198b): more undefined references to `cv::circle(cv::_InputOutputArray const&, cv::Point_<int>, int, cv::Scalar_<double> const&, int, int, int)' follow
CMakeFiles/rovio_rosbag_loader.dir/src/rovio_rosbag_loader.cpp.o: In function `rovio::ImgUpdate<rovio::FilterState<25u, 4, 8, 1, 0> >::postProcess(rovio::FilterState<25u, 4, 8, 1, 0>&, rovio::ImgUpdateMeas<rovio::State<25u, 4, 8, 1, 0> > const&, rovio::ImgOutlierDetection<rovio::State<25u, 4, 8, 1, 0> > const&, bool&)':
rovio_rosbag_loader.cpp:(.text._ZN5rovio9ImgUpdateINS_11FilterStateILj25ELi4ELi8ELi1ELi0EEEE11postProcessERS2_RKNS_13ImgUpdateMeasINS_5StateILj25ELi4ELi8ELi1ELi0EEEEERKNS_19ImgOutlierDetectionIS7_EERb[_ZN5rovio9ImgUpdateINS_11FilterStateILj25ELi4ELi8ELi1ELi0EEEE11postProcessERS2_RKNS_13ImgUpdateMeasINS_5StateILj25ELi4ELi8ELi1ELi0EEEEERKNS_19ImgOutlierDetectionIS7_EERb]+0xe09): undefined reference to `cv::rectangle(cv::_InputOutputArray const&, cv::Point_<int>, cv::Point_<int>, cv::Scalar_<double> const&, int, int, int)'
rovio_rosbag_loader.cpp:(.text._ZN5rovio9ImgUpdateINS_11FilterStateILj25ELi4ELi8ELi1ELi0EEEE11postProcessERS2_RKNS_13ImgUpdateMeasINS_5StateILj25ELi4ELi8ELi1ELi0EEEEERKNS_19ImgOutlierDetectionIS7_EERb[_ZN5rovio9ImgUpdateINS_11FilterStateILj25ELi4ELi8ELi1ELi0EEEE11postProcessERS2_RKNS_13ImgUpdateMeasINS_5StateILj25ELi4ELi8ELi1ELi0EEEEERKNS_19ImgOutlierDetectionIS7_EERb]+0xf1b): undefined reference to `cv::rectangle(cv::_InputOutputArray const&, cv::Point_<int>, cv::Point_<int>, cv::Scalar_<double> const&, int, int, int)'
CMakeFiles/rovio_rosbag_loader.dir/src/rovio_rosbag_loader.cpp.o: In function `rovio::ImgUpdate<rovio::FilterState<25u, 4, 8, 1, 0> >::commonPostProcess(rovio::FilterState<25u, 4, 8, 1, 0>&, rovio::ImgUpdateMeas<rovio::State<25u, 4, 8, 1, 0> > const&)':
rovio_rosbag_loader.cpp:(.text._ZN5rovio9ImgUpdateINS_11FilterStateILj25ELi4ELi8ELi1ELi0EEEE17commonPostProcessERS2_RKNS_13ImgUpdateMeasINS_5StateILj25ELi4ELi8ELi1ELi0EEEEE[_ZN5rovio9ImgUpdateINS_11FilterStateILj25ELi4ELi8ELi1ELi0EEEE17commonPostProcessERS2_RKNS_13ImgUpdateMeasINS_5StateILj25ELi4ELi8ELi1ELi0EEEEE]+0x52e): undefined reference to `cv::line(cv::_InputOutputArray const&, cv::Point_<int>, cv::Point_<int>, cv::Scalar_<double> const&, int, int, int)'
rovio_rosbag_loader.cpp:(.text._ZN5rovio9ImgUpdateINS_11FilterStateILj25ELi4ELi8ELi1ELi0EEEE17commonPostProcessERS2_RKNS_13ImgUpdateMeasINS_5StateILj25ELi4ELi8ELi1ELi0EEEEE[_ZN5rovio9ImgUpdateINS_11FilterStateILj25ELi4ELi8ELi1ELi0EEEE17commonPostProcessERS2_RKNS_13ImgUpdateMeasINS_5StateILj25ELi4ELi8ELi1ELi0EEEEE]+0x6aa): undefined reference to `cv::line(cv::_InputOutputArray const&, cv::Point_<int>, cv::Point_<int>, cv::Scalar_<double> const&, int, int, int)'
rovio_rosbag_loader.cpp:(.text._ZN5rovio9ImgUpdateINS_11FilterStateILj25ELi4ELi8ELi1ELi0EEEE17commonPostProcessERS2_RKNS_13ImgUpdateMeasINS_5StateILj25ELi4ELi8ELi1ELi0EEEEE[_ZN5rovio9ImgUpdateINS_11FilterStateILj25ELi4ELi8ELi1ELi0EEEE17commonPostProcessERS2_RKNS_13ImgUpdateMeasINS_5StateILj25ELi4ELi8ELi1ELi0EEEEE]+0x812): undefined reference to `cv::line(cv::_InputOutputArray const&, cv::Point_<int>, cv::Point_<int>, cv::Scalar_<double> const&, int, int, int)'
rovio_rosbag_loader.cpp:(.text._ZN5rovio9ImgUpdateINS_11FilterStateILj25ELi4ELi8ELi1ELi0EEEE17commonPostProcessERS2_RKNS_13ImgUpdateMeasINS_5StateILj25ELi4ELi8ELi1ELi0EEEEE[_ZN5rovio9ImgUpdateINS_11FilterStateILj25ELi4ELi8ELi1ELi0EEEE17commonPostProcessERS2_RKNS_13ImgUpdateMeasINS_5StateILj25ELi4ELi8ELi1ELi0EEEEE]+0x97a): undefined reference to `cv::line(cv::_InputOutputArray const&, cv::Point_<int>, cv::Point_<int>, cv::Scalar_<double> const&, int, int, int)'
rovio_rosbag_loader.cpp:(.text._ZN5rovio9ImgUpdateINS_11FilterStateILj25ELi4ELi8ELi1ELi0EEEE17commonPostProcessERS2_RKNS_13ImgUpdateMeasINS_5StateILj25ELi4ELi8ELi1ELi0EEEEE[_ZN5rovio9ImgUpdateINS_11FilterStateILj25ELi4ELi8ELi1ELi0EEEE17commonPostProcessERS2_RKNS_13ImgUpdateMeasINS_5StateILj25ELi4ELi8ELi1ELi0EEEEE]+0x198e): undefined reference to `cv::putText(cv::_InputOutputArray const&, cv::String const&, cv::Point_<int>, int, double, cv::Scalar_<double>, int, int, bool)'
CMakeFiles/rovio_rosbag_loader.dir/src/rovio_rosbag_loader.cpp.o: In function `rovio::ImgUpdate<rovio::FilterState<25u, 4, 8, 1, 0> >::drawVirtualHorizon(rovio::FilterState<25u, 4, 8, 1, 0>&, int)':
rovio_rosbag_loader.cpp:(.text._ZN5rovio9ImgUpdateINS_11FilterStateILj25ELi4ELi8ELi1ELi0EEEE18drawVirtualHorizonERS2_i[_ZN5rovio9ImgUpdateINS_11FilterStateILj25ELi4ELi8ELi1ELi0EEEE18drawVirtualHorizonERS2_i]+0x158): undefined reference to `cv::rectangle(cv::_InputOutputArray const&, cv::Point_<int>, cv::Point_<int>, cv::Scalar_<double> const&, int, int, int)'
rovio_rosbag_loader.cpp:(.text._ZN5rovio9ImgUpdateINS_11FilterStateILj25ELi4ELi8ELi1ELi0EEEE18drawVirtualHorizonERS2_i[_ZN5rovio9ImgUpdateINS_11FilterStateILj25ELi4ELi8ELi1ELi0EEEE18drawVirtualHorizonERS2_i]+0x28c): undefined reference to `cv::rectangle(cv::_InputOutputArray const&, cv::Point_<int>, cv::Point_<int>, cv::Scalar_<double> const&, int, int, int)'
rovio_rosbag_loader.cpp:(.text._ZN5rovio9ImgUpdateINS_11FilterStateILj25ELi4ELi8ELi1ELi0EEEE18drawVirtualHorizonERS2_i[_ZN5rovio9ImgUpdateINS_11FilterStateILj25ELi4ELi8ELi1ELi0EEEE18drawVirtualHorizonERS2_i]+0x3bd): undefined reference to `cv::putText(cv::_InputOutputArray const&, cv::String const&, cv::Point_<int>, int, double, cv::Scalar_<double>, int, int, bool)'
rovio_rosbag_loader.cpp:(.text._ZN5rovio9ImgUpdateINS_11FilterStateILj25ELi4ELi8ELi1ELi0EEEE18drawVirtualHorizonERS2_i[_ZN5rovio9ImgUpdateINS_11FilterStateILj25ELi4ELi8ELi1ELi0EEEE18drawVirtualHorizonERS2_i]+0x59c): undefined reference to `cv::circle(cv::_InputOutputArray const&, cv::Point_<int>, int, cv::Scalar_<double> const&, int, int, int)'
rovio_rosbag_loader.cpp:(.text._ZN5rovio9ImgUpdateINS_11FilterStateILj25ELi4ELi8ELi1ELi0EEEE18drawVirtualHorizonERS2_i[_ZN5rovio9ImgUpdateINS_11FilterStateILj25ELi4ELi8ELi1ELi0EEEE18drawVirtualHorizonERS2_i]+0x62a): undefined reference to `cv::circle(cv::_InputOutputArray const&, cv::Point_<int>, int, cv::Scalar_<double> const&, int, int, int)'
rovio_rosbag_loader.cpp:(.text._ZN5rovio9ImgUpdateINS_11FilterStateILj25ELi4ELi8ELi1ELi0EEEE18drawVirtualHorizonERS2_i[_ZN5rovio9ImgUpdateINS_11FilterStateILj25ELi4ELi8ELi1ELi0EEEE18drawVirtualHorizonERS2_i]+0xb41): undefined reference to `cv::line(cv::_InputOutputArray const&, cv::Point_<int>, cv::Point_<int>, cv::Scalar_<double> const&, int, int, int)'
rovio_rosbag_loader.cpp:(.text._ZN5rovio9ImgUpdateINS_11FilterStateILj25ELi4ELi8ELi1ELi0EEEE18drawVirtualHorizonERS2_i[_ZN5rovio9ImgUpdateINS_11FilterStateILj25ELi4ELi8ELi1ELi0EEEE18drawVirtualHorizonERS2_i]+0xc2d): undefined reference to `cv::line(cv::_InputOutputArray const&, cv::Point_<int>, cv::Point_<int>, cv::Scalar_<double> const&, int, int, int)'
rovio_rosbag_loader.cpp:(.text._ZN5rovio9ImgUpdateINS_11FilterStateILj25ELi4ELi8ELi1ELi0EEEE18drawVirtualHorizonERS2_i[_ZN5rovio9ImgUpdateINS_11FilterStateILj25ELi4ELi8ELi1ELi0EEEE18drawVirtualHorizonERS2_i]+0xcf7): undefined reference to `cv::ellipse(cv::_InputOutputArray const&, cv::Point_<int>, cv::Size_<int>, double, double, double, cv::Scalar_<double> const&, int, int, int)'
rovio_rosbag_loader.cpp:(.text._ZN5rovio9ImgUpdateINS_11FilterStateILj25ELi4ELi8ELi1ELi0EEEE18drawVirtualHorizonERS2_i[_ZN5rovio9ImgUpdateINS_11FilterStateILj25ELi4ELi8ELi1ELi0EEEE18drawVirtualHorizonERS2_i]+0xd8b): undefined reference to `cv::circle(cv::_InputOutputArray const&, cv::Point_<int>, int, cv::Scalar_<double> const&, int, int, int)'
CMakeFiles/rovio_rosbag_loader.dir/src/rovio_rosbag_loader.cpp.o: In function `rovio::Patch<8>::drawPatchBorder(cv::Mat&, rovio::FeatureCoordinates const&, float, cv::Scalar_<double> const&) const':
rovio_rosbag_loader.cpp:(.text._ZNK5rovio5PatchILi8EE15drawPatchBorderERN2cv3MatERKNS_18FeatureCoordinatesEfRKNS2_7Scalar_IdEE[_ZNK5rovio5PatchILi8EE15drawPatchBorderERN2cv3MatERKNS_18FeatureCoordinatesEfRKNS2_7Scalar_IdEE]+0x207): undefined reference to `cv::line(cv::_InputOutputArray const&, cv::Point_<int>, cv::Point_<int>, cv::Scalar_<double> const&, int, int, int)'
rovio_rosbag_loader.cpp:(.text._ZNK5rovio5PatchILi8EE15drawPatchBorderERN2cv3MatERKNS_18FeatureCoordinatesEfRKNS2_7Scalar_IdEE[_ZNK5rovio5PatchILi8EE15drawPatchBorderERN2cv3MatERKNS_18FeatureCoordinatesEfRKNS2_7Scalar_IdEE]+0x30c): undefined reference to `cv::line(cv::_InputOutputArray const&, cv::Point_<int>, cv::Point_<int>, cv::Scalar_<double> const&, int, int, int)'
rovio_rosbag_loader.cpp:(.text._ZNK5rovio5PatchILi8EE15drawPatchBorderERN2cv3MatERKNS_18FeatureCoordinatesEfRKNS2_7Scalar_IdEE[_ZNK5rovio5PatchILi8EE15drawPatchBorderERN2cv3MatERKNS_18FeatureCoordinatesEfRKNS2_7Scalar_IdEE]+0x413): undefined reference to `cv::line(cv::_InputOutputArray const&, cv::Point_<int>, cv::Point_<int>, cv::Scalar_<double> const&, int, int, int)'
rovio_rosbag_loader.cpp:(.text._ZNK5rovio5PatchILi8EE15drawPatchBorderERN2cv3MatERKNS_18FeatureCoordinatesEfRKNS2_7Scalar_IdEE[_ZNK5rovio5PatchILi8EE15drawPatchBorderERN2cv3MatERKNS_18FeatureCoordinatesEfRKNS2_7Scalar_IdEE]+0x519): undefined reference to `cv::line(cv::_InputOutputArray const&, cv::Point_<int>, cv::Point_<int>, cv::Scalar_<double> const&, int, int, int)'
collect2: error: ld returned 1 exit status
make[2]: *** [/home/uav_master/vision_ws/devel/.private/rovio/lib/rovio/rovio_rosbag_loader] Error 1
make[1]: *** [CMakeFiles/rovio_rosbag_loader.dir/all] Error 2
make: *** [all] Error 2
