In file included from /home/uav_master/vision_ws/src/rovio/include/rovio/RovioFilter.hpp:32:0,
                 from /home/uav_master/vision_ws/src/rovio/src/rovio_node.cpp:31:
/home/uav_master/vision_ws/src/rovio/lightweight_filtering/include/lightweight_filtering/common.hpp:13:45: fatal error: kindr/rotations/RotationEigen.hpp: No such file or directory
 #include "kindr/rotations/RotationEigen.hpp"
                                             ^
compilation terminated.
In file included from /home/uav_master/vision_ws/src/rovio/include/rovio/Camera.hpp:32:0,
                 from /home/uav_master/vision_ws/src/rovio/src/Camera.cpp:1:
/home/uav_master/vision_ws/src/rovio/lightweight_filtering/include/lightweight_filtering/common.hpp:13:45: fatal error: kindr/rotations/RotationEigen.hpp: No such file or directory
 #include "kindr/rotations/RotationEigen.hpp"
                                             ^
compilation terminated.
In file included from /home/uav_master/vision_ws/src/rovio/include/rovio/FeatureCoordinates.hpp:32:0,
                 from /home/uav_master/vision_ws/src/rovio/src/FeatureCoordinates.cpp:1:
/home/uav_master/vision_ws/src/rovio/lightweight_filtering/include/lightweight_filtering/common.hpp:13:45: fatal error: kindr/rotations/RotationEigen.hpp: No such file or directory
 #include "kindr/rotations/RotationEigen.hpp"
                                             ^
compilation terminated.
make[2]: *** [CMakeFiles/rovio.dir/src/rovio_node.cpp.o] Error 1
make[2]: *** Waiting for unfinished jobs....
make[2]: *** [CMakeFiles/rovio.dir/src/FeatureCoordinates.cpp.o] Error 1
make[2]: *** [CMakeFiles/rovio.dir/src/Camera.cpp.o] Error 1
make[1]: *** [CMakeFiles/rovio.dir/all] Error 2
make: *** [all] Error 2
