/home/uav_master/vision_ws/src/rovio/src/feature_tracker_node.cpp:29:1: error: ‘include’ does not name a type
 include "../include/rovio/featureTracker.hpp"
 ^
make[2]: *** [CMakeFiles/feature_tracker_node.dir/src/feature_tracker_node.cpp.o] Error 1
make[1]: *** [CMakeFiles/feature_tracker_node.dir/all] Error 2
make[1]: *** Waiting for unfinished jobs....
CMakeFiles/rovio_node.dir/src/rovio_node.cpp.o: In function `cv::String::String(char const*)':
rovio_node.cpp:(.text._ZN2cv6StringC2EPKc[_ZN2cv6StringC5EPKc]+0x4f): undefined reference to `cv::String::allocate(unsigned long)'
CMakeFiles/rovio_node.dir/src/rovio_node.cpp.o: In function `cv::String::~String()':
rovio_node.cpp:(.text._ZN2cv6StringD2Ev[_ZN2cv6StringD5Ev]+0x14): undefined reference to `cv::String::deallocate()'
CMakeFiles/rovio_node.dir/src/rovio_node.cpp.o: In function `cv::String::String(std::string const&)':
rovio_node.cpp:(.text._ZN2cv6StringC2ERKSs[_ZN2cv6StringC5ERKSs]+0x69): undefined reference to `cv::String::allocate(unsigned long)'
CMakeFiles/rovio_node.dir/src/rovio_node.cpp.o: In function `rovio::RovioNode<rovio::RovioFilter<rovio::FilterState<25u, 4, 6, 1, 0> > >::updateAndPublish()':
rovio_node.cpp:(.text._ZN5rovio9RovioNodeINS_11RovioFilterINS_11FilterStateILj25ELi4ELi6ELi1ELi0EEEEEE16updateAndPublishEv[_ZN5rovio9RovioNodeINS_11RovioFilterINS_11FilterStateILj25ELi4ELi6ELi1ELi0EEEEEE16updateAndPublishEv]+0x510): undefined reference to `cv::imshow(cv::String const&, cv::_InputArray const&)'
rovio_node.cpp:(.text._ZN5rovio9RovioNodeINS_11RovioFilterINS_11FilterStateILj25ELi4ELi6ELi1ELi0EEEEEE16updateAndPublishEv[_ZN5rovio9RovioNodeINS_11RovioFilterINS_11FilterStateILj25ELi4ELi6ELi1ELi0EEEEEE16updateAndPublishEv]+0x618): undefined reference to `cv::imshow(cv::String const&, cv::_InputArray const&)'
CMakeFiles/rovio_node.dir/src/rovio_node.cpp.o: In function `rovio::ImgUpdate<rovio::FilterState<25u, 4, 6, 1, 0> >::preProcess(rovio::FilterState<25u, 4, 6, 1, 0>&, rovio::ImgUpdateMeas<rovio::State<25u, 4, 6, 1, 0> > const&, bool&)':
rovio_node.cpp:(.text._ZN5rovio9ImgUpdateINS_11FilterStateILj25ELi4ELi6ELi1ELi0EEEE10preProcessERS2_RKNS_13ImgUpdateMeasINS_5StateILj25ELi4ELi6ELi1ELi0EEEEERb[_ZN5rovio9ImgUpdateINS_11FilterStateILj25ELi4ELi6ELi1ELi0EEEE10preProcessERS2_RKNS_13ImgUpdateMeasINS_5StateILj25ELi4ELi6ELi1ELi0EEEEERb]+0x3bd): undefined reference to `cv::putText(cv::_InputOutputArray const&, cv::String const&, cv::Point_<int>, int, double, cv::Scalar_<double>, int, int, bool)'
CMakeFiles/rovio_node.dir/src/rovio_node.cpp.o: In function `rovio::ImgUpdate<rovio::FilterState<25u, 4, 6, 1, 0> >::postProcess(rovio::FilterState<25u, 4, 6, 1, 0>&, rovio::ImgUpdateMeas<rovio::State<25u, 4, 6, 1, 0> > const&, rovio::ImgOutlierDetection<rovio::State<25u, 4, 6, 1, 0> > const&, bool&)':
rovio_node.cpp:(.text._ZN5rovio9ImgUpdateINS_11FilterStateILj25ELi4ELi6ELi1ELi0EEEE11postProcessERS2_RKNS_13ImgUpdateMeasINS_5StateILj25ELi4ELi6ELi1ELi0EEEEERKNS_19ImgOutlierDetectionIS7_EERb[_ZN5rovio9ImgUpdateINS_11FilterStateILj25ELi4ELi6ELi1ELi0EEEE11postProcessERS2_RKNS_13ImgUpdateMeasINS_5StateILj25ELi4ELi6ELi1ELi0EEEEERKNS_19ImgOutlierDetectionIS7_EERb]+0x1264): undefined reference to `cv::rectangle(cv::_InputOutputArray const&, cv::Point_<int>, cv::Point_<int>, cv::Scalar_<double> const&, int, int, int)'
rovio_node.cpp:(.text._ZN5rovio9ImgUpdateINS_11FilterStateILj25ELi4ELi6ELi1ELi0EEEE11postProcessERS2_RKNS_13ImgUpdateMeasINS_5StateILj25ELi4ELi6ELi1ELi0EEEEERKNS_19ImgOutlierDetectionIS7_EERb[_ZN5rovio9ImgUpdateINS_11FilterStateILj25ELi4ELi6ELi1ELi0EEEE11postProcessERS2_RKNS_13ImgUpdateMeasINS_5StateILj25ELi4ELi6ELi1ELi0EEEEERKNS_19ImgOutlierDetectionIS7_EERb]+0x137f): undefined reference to `cv::rectangle(cv::_InputOutputArray const&, cv::Point_<int>, cv::Point_<int>, cv::Scalar_<double> const&, int, int, int)'
CMakeFiles/rovio_node.dir/src/rovio_node.cpp.o: In function `rovio::ImgUpdate<rovio::FilterState<25u, 4, 6, 1, 0> >::commonPostProcess(rovio::FilterState<25u, 4, 6, 1, 0>&, rovio::ImgUpdateMeas<rovio::State<25u, 4, 6, 1, 0> > const&)':
rovio_node.cpp:(.text._ZN5rovio9ImgUpdateINS_11FilterStateILj25ELi4ELi6ELi1ELi0EEEE17commonPostProcessERS2_RKNS_13ImgUpdateMeasINS_5StateILj25ELi4ELi6ELi1ELi0EEEEE[_ZN5rovio9ImgUpdateINS_11FilterStateILj25ELi4ELi6ELi1ELi0EEEE17commonPostProcessERS2_RKNS_13ImgUpdateMeasINS_5StateILj25ELi4ELi6ELi1ELi0EEEEE]+0x51f): undefined reference to `cv::line(cv::_InputOutputArray const&, cv::Point_<int>, cv::Point_<int>, cv::Scalar_<double> const&, int, int, int)'
rovio_node.cpp:(.text._ZN5rovio9ImgUpdateINS_11FilterStateILj25ELi4ELi6ELi1ELi0EEEE17commonPostProcessERS2_RKNS_13ImgUpdateMeasINS_5StateILj25ELi4ELi6ELi1ELi0EEEEE[_ZN5rovio9ImgUpdateINS_11FilterStateILj25ELi4ELi6ELi1ELi0EEEE17commonPostProcessERS2_RKNS_13ImgUpdateMeasINS_5StateILj25ELi4ELi6ELi1ELi0EEEEE]+0x69b): undefined reference to `cv::line(cv::_InputOutputArray const&, cv::Point_<int>, cv::Point_<int>, cv::Scalar_<double> const&, int, int, int)'
rovio_node.cpp:(.text._ZN5rovio9ImgUpdateINS_11FilterStateILj25ELi4ELi6ELi1ELi0EEEE17commonPostProcessERS2_RKNS_13ImgUpdateMeasINS_5StateILj25ELi4ELi6ELi1ELi0EEEEE[_ZN5rovio9ImgUpdateINS_11FilterStateILj25ELi4ELi6ELi1ELi0EEEE17commonPostProcessERS2_RKNS_13ImgUpdateMeasINS_5StateILj25ELi4ELi6ELi1ELi0EEEEE]+0x803): undefined reference to `cv::line(cv::_InputOutputArray const&, cv::Point_<int>, cv::Point_<int>, cv::Scalar_<double> const&, int, int, int)'
rovio_node.cpp:(.text._ZN5rovio9ImgUpdateINS_11FilterStateILj25ELi4ELi6ELi1ELi0EEEE17commonPostProcessERS2_RKNS_13ImgUpdateMeasINS_5StateILj25ELi4ELi6ELi1ELi0EEEEE[_ZN5rovio9ImgUpdateINS_11FilterStateILj25ELi4ELi6ELi1ELi0EEEE17commonPostProcessERS2_RKNS_13ImgUpdateMeasINS_5StateILj25ELi4ELi6ELi1ELi0EEEEE]+0x96b): undefined reference to `cv::line(cv::_InputOutputArray const&, cv::Point_<int>, cv::Point_<int>, cv::Scalar_<double> const&, int, int, int)'
rovio_node.cpp:(.text._ZN5rovio9ImgUpdateINS_11FilterStateILj25ELi4ELi6ELi1ELi0EEEE17commonPostProcessERS2_RKNS_13ImgUpdateMeasINS_5StateILj25ELi4ELi6ELi1ELi0EEEEE[_ZN5rovio9ImgUpdateINS_11FilterStateILj25ELi4ELi6ELi1ELi0EEEE17commonPostProcessERS2_RKNS_13ImgUpdateMeasINS_5StateILj25ELi4ELi6ELi1ELi0EEEEE]+0x1a96): undefined reference to `cv::putText(cv::_InputOutputArray const&, cv::String const&, cv::Point_<int>, int, double, cv::Scalar_<double>, int, int, bool)'
CMakeFiles/rovio_node.dir/src/rovio_node.cpp.o: In function `rovio::ImagePyramid<4>::detectFastCorners(std::vector<rovio::FeatureCoordinates, std::allocator<rovio::FeatureCoordinates> >&, int, int) const':
rovio_node.cpp:(.text._ZNK5rovio12ImagePyramidILi4EE17detectFastCornersERSt6vectorINS_18FeatureCoordinatesESaIS3_EEii[_ZNK5rovio12ImagePyramidILi4EE17detectFastCornersERSt6vectorINS_18FeatureCoordinatesESaIS3_EEii]+0x54): undefined reference to `cv::FastFeatureDetector::create(int, bool, int)'
CMakeFiles/rovio_node.dir/src/rovio_node.cpp.o: In function `rovio::ImgUpdate<rovio::FilterState<25u, 4, 6, 1, 0> >::drawVirtualHorizon(rovio::FilterState<25u, 4, 6, 1, 0>&, int)':
rovio_node.cpp:(.text._ZN5rovio9ImgUpdateINS_11FilterStateILj25ELi4ELi6ELi1ELi0EEEE18drawVirtualHorizonERS2_i[_ZN5rovio9ImgUpdateINS_11FilterStateILj25ELi4ELi6ELi1ELi0EEEE18drawVirtualHorizonERS2_i]+0x158): undefined reference to `cv::rectangle(cv::_InputOutputArray const&, cv::Point_<int>, cv::Point_<int>, cv::Scalar_<double> const&, int, int, int)'
rovio_node.cpp:(.text._ZN5rovio9ImgUpdateINS_11FilterStateILj25ELi4ELi6ELi1ELi0EEEE18drawVirtualHorizonERS2_i[_ZN5rovio9ImgUpdateINS_11FilterStateILj25ELi4ELi6ELi1ELi0EEEE18drawVirtualHorizonERS2_i]+0x28c): undefined reference to `cv::rectangle(cv::_InputOutputArray const&, cv::Point_<int>, cv::Point_<int>, cv::Scalar_<double> const&, int, int, int)'
rovio_node.cpp:(.text._ZN5rovio9ImgUpdateINS_11FilterStateILj25ELi4ELi6ELi1ELi0EEEE18drawVirtualHorizonERS2_i[_ZN5rovio9ImgUpdateINS_11FilterStateILj25ELi4ELi6ELi1ELi0EEEE18drawVirtualHorizonERS2_i]+0x3bd): undefined reference to `cv::putText(cv::_InputOutputArray const&, cv::String const&, cv::Point_<int>, int, double, cv::Scalar_<double>, int, int, bool)'
rovio_node.cpp:(.text._ZN5rovio9ImgUpdateINS_11FilterStateILj25ELi4ELi6ELi1ELi0EEEE18drawVirtualHorizonERS2_i[_ZN5rovio9ImgUpdateINS_11FilterStateILj25ELi4ELi6ELi1ELi0EEEE18drawVirtualHorizonERS2_i]+0x59c): undefined reference to `cv::circle(cv::_InputOutputArray const&, cv::Point_<int>, int, cv::Scalar_<double> const&, int, int, int)'
rovio_node.cpp:(.text._ZN5rovio9ImgUpdateINS_11FilterStateILj25ELi4ELi6ELi1ELi0EEEE18drawVirtualHorizonERS2_i[_ZN5rovio9ImgUpdateINS_11FilterStateILj25ELi4ELi6ELi1ELi0EEEE18drawVirtualHorizonERS2_i]+0x62a): undefined reference to `cv::circle(cv::_InputOutputArray const&, cv::Point_<int>, int, cv::Scalar_<double> const&, int, int, int)'
rovio_node.cpp:(.text._ZN5rovio9ImgUpdateINS_11FilterStateILj25ELi4ELi6ELi1ELi0EEEE18drawVirtualHorizonERS2_i[_ZN5rovio9ImgUpdateINS_11FilterStateILj25ELi4ELi6ELi1ELi0EEEE18drawVirtualHorizonERS2_i]+0xb41): undefined reference to `cv::line(cv::_InputOutputArray const&, cv::Point_<int>, cv::Point_<int>, cv::Scalar_<double> const&, int, int, int)'
rovio_node.cpp:(.text._ZN5rovio9ImgUpdateINS_11FilterStateILj25ELi4ELi6ELi1ELi0EEEE18drawVirtualHorizonERS2_i[_ZN5rovio9ImgUpdateINS_11FilterStateILj25ELi4ELi6ELi1ELi0EEEE18drawVirtualHorizonERS2_i]+0xc2d): undefined reference to `cv::line(cv::_InputOutputArray const&, cv::Point_<int>, cv::Point_<int>, cv::Scalar_<double> const&, int, int, int)'
rovio_node.cpp:(.text._ZN5rovio9ImgUpdateINS_11FilterStateILj25ELi4ELi6ELi1ELi0EEEE18drawVirtualHorizonERS2_i[_ZN5rovio9ImgUpdateINS_11FilterStateILj25ELi4ELi6ELi1ELi0EEEE18drawVirtualHorizonERS2_i]+0xcf7): undefined reference to `cv::ellipse(cv::_InputOutputArray const&, cv::Point_<int>, cv::Size_<int>, double, double, double, cv::Scalar_<double> const&, int, int, int)'
rovio_node.cpp:(.text._ZN5rovio9ImgUpdateINS_11FilterStateILj25ELi4ELi6ELi1ELi0EEEE18drawVirtualHorizonERS2_i[_ZN5rovio9ImgUpdateINS_11FilterStateILj25ELi4ELi6ELi1ELi0EEEE18drawVirtualHorizonERS2_i]+0xd8b): undefined reference to `cv::circle(cv::_InputOutputArray const&, cv::Point_<int>, int, cv::Scalar_<double> const&, int, int, int)'
CMakeFiles/rovio_node.dir/src/rovio_node.cpp.o: In function `rovio::Patch<6>::drawPatchBorder(cv::Mat&, rovio::FeatureCoordinates const&, float, cv::Scalar_<double> const&) const':
rovio_node.cpp:(.text._ZNK5rovio5PatchILi6EE15drawPatchBorderERN2cv3MatERKNS_18FeatureCoordinatesEfRKNS2_7Scalar_IdEE[_ZNK5rovio5PatchILi6EE15drawPatchBorderERN2cv3MatERKNS_18FeatureCoordinatesEfRKNS2_7Scalar_IdEE]+0x207): undefined reference to `cv::line(cv::_InputOutputArray const&, cv::Point_<int>, cv::Point_<int>, cv::Scalar_<double> const&, int, int, int)'
rovio_node.cpp:(.text._ZNK5rovio5PatchILi6EE15drawPatchBorderERN2cv3MatERKNS_18FeatureCoordinatesEfRKNS2_7Scalar_IdEE[_ZNK5rovio5PatchILi6EE15drawPatchBorderERN2cv3MatERKNS_18FeatureCoordinatesEfRKNS2_7Scalar_IdEE]+0x30c): undefined reference to `cv::line(cv::_InputOutputArray const&, cv::Point_<int>, cv::Point_<int>, cv::Scalar_<double> const&, int, int, int)'
rovio_node.cpp:(.text._ZNK5rovio5PatchILi6EE15drawPatchBorderERN2cv3MatERKNS_18FeatureCoordinatesEfRKNS2_7Scalar_IdEE[_ZNK5rovio5PatchILi6EE15drawPatchBorderERN2cv3MatERKNS_18FeatureCoordinatesEfRKNS2_7Scalar_IdEE]+0x413): undefined reference to `cv::line(cv::_InputOutputArray const&, cv::Point_<int>, cv::Point_<int>, cv::Scalar_<double> const&, int, int, int)'
rovio_node.cpp:(.text._ZNK5rovio5PatchILi6EE15drawPatchBorderERN2cv3MatERKNS_18FeatureCoordinatesEfRKNS2_7Scalar_IdEE[_ZNK5rovio5PatchILi6EE15drawPatchBorderERN2cv3MatERKNS_18FeatureCoordinatesEfRKNS2_7Scalar_IdEE]+0x519): undefined reference to `cv::line(cv::_InputOutputArray const&, cv::Point_<int>, cv::Point_<int>, cv::Scalar_<double> const&, int, int, int)'
collect2: error: ld returned 1 exit status
make[2]: *** [/home/uav_master/vision_ws/devel/.private/rovio/lib/rovio/rovio_node] Error 1
make[1]: *** [CMakeFiles/rovio_node.dir/all] Error 2
CMakeFiles/rovio_rosbag_loader.dir/src/rovio_rosbag_loader.cpp.o: In function `cv::String::String(char const*)':
rovio_rosbag_loader.cpp:(.text._ZN2cv6StringC2EPKc[_ZN2cv6StringC5EPKc]+0x4f): undefined reference to `cv::String::allocate(unsigned long)'
CMakeFiles/rovio_rosbag_loader.dir/src/rovio_rosbag_loader.cpp.o: In function `cv::String::~String()':
rovio_rosbag_loader.cpp:(.text._ZN2cv6StringD2Ev[_ZN2cv6StringD5Ev]+0x14): undefined reference to `cv::String::deallocate()'
CMakeFiles/rovio_rosbag_loader.dir/src/rovio_rosbag_loader.cpp.o: In function `cv::String::String(std::string const&)':
rovio_rosbag_loader.cpp:(.text._ZN2cv6StringC2ERKSs[_ZN2cv6StringC5ERKSs]+0x69): undefined reference to `cv::String::allocate(unsigned long)'
CMakeFiles/rovio_rosbag_loader.dir/src/rovio_rosbag_loader.cpp.o: In function `rovio::RovioNode<rovio::RovioFilter<rovio::FilterState<25u, 4, 6, 1, 0> > >::updateAndPublish()':
rovio_rosbag_loader.cpp:(.text._ZN5rovio9RovioNodeINS_11RovioFilterINS_11FilterStateILj25ELi4ELi6ELi1ELi0EEEEEE16updateAndPublishEv[_ZN5rovio9RovioNodeINS_11RovioFilterINS_11FilterStateILj25ELi4ELi6ELi1ELi0EEEEEE16updateAndPublishEv]+0x510): undefined reference to `cv::imshow(cv::String const&, cv::_InputArray const&)'
rovio_rosbag_loader.cpp:(.text._ZN5rovio9RovioNodeINS_11RovioFilterINS_11FilterStateILj25ELi4ELi6ELi1ELi0EEEEEE16updateAndPublishEv[_ZN5rovio9RovioNodeINS_11RovioFilterINS_11FilterStateILj25ELi4ELi6ELi1ELi0EEEEEE16updateAndPublishEv]+0x618): undefined reference to `cv::imshow(cv::String const&, cv::_InputArray const&)'
CMakeFiles/rovio_rosbag_loader.dir/src/rovio_rosbag_loader.cpp.o: In function `rovio::ImgUpdate<rovio::FilterState<25u, 4, 6, 1, 0> >::preProcess(rovio::FilterState<25u, 4, 6, 1, 0>&, rovio::ImgUpdateMeas<rovio::State<25u, 4, 6, 1, 0> > const&, bool&)':
rovio_rosbag_loader.cpp:(.text._ZN5rovio9ImgUpdateINS_11FilterStateILj25ELi4ELi6ELi1ELi0EEEE10preProcessERS2_RKNS_13ImgUpdateMeasINS_5StateILj25ELi4ELi6ELi1ELi0EEEEERb[_ZN5rovio9ImgUpdateINS_11FilterStateILj25ELi4ELi6ELi1ELi0EEEE10preProcessERS2_RKNS_13ImgUpdateMeasINS_5StateILj25ELi4ELi6ELi1ELi0EEEEERb]+0x3bd): undefined reference to `cv::putText(cv::_InputOutputArray const&, cv::String const&, cv::Point_<int>, int, double, cv::Scalar_<double>, int, int, bool)'
CMakeFiles/rovio_rosbag_loader.dir/src/rovio_rosbag_loader.cpp.o: In function `rovio::ImgUpdate<rovio::FilterState<25u, 4, 6, 1, 0> >::postProcess(rovio::FilterState<25u, 4, 6, 1, 0>&, rovio::ImgUpdateMeas<rovio::State<25u, 4, 6, 1, 0> > const&, rovio::ImgOutlierDetection<rovio::State<25u, 4, 6, 1, 0> > const&, bool&)':
rovio_rosbag_loader.cpp:(.text._ZN5rovio9ImgUpdateINS_11FilterStateILj25ELi4ELi6ELi1ELi0EEEE11postProcessERS2_RKNS_13ImgUpdateMeasINS_5StateILj25ELi4ELi6ELi1ELi0EEEEERKNS_19ImgOutlierDetectionIS7_EERb[_ZN5rovio9ImgUpdateINS_11FilterStateILj25ELi4ELi6ELi1ELi0EEEE11postProcessERS2_RKNS_13ImgUpdateMeasINS_5StateILj25ELi4ELi6ELi1ELi0EEEEERKNS_19ImgOutlierDetectionIS7_EERb]+0x1264): undefined reference to `cv::rectangle(cv::_InputOutputArray const&, cv::Point_<int>, cv::Point_<int>, cv::Scalar_<double> const&, int, int, int)'
rovio_rosbag_loader.cpp:(.text._ZN5rovio9ImgUpdateINS_11FilterStateILj25ELi4ELi6ELi1ELi0EEEE11postProcessERS2_RKNS_13ImgUpdateMeasINS_5StateILj25ELi4ELi6ELi1ELi0EEEEERKNS_19ImgOutlierDetectionIS7_EERb[_ZN5rovio9ImgUpdateINS_11FilterStateILj25ELi4ELi6ELi1ELi0EEEE11postProcessERS2_RKNS_13ImgUpdateMeasINS_5StateILj25ELi4ELi6ELi1ELi0EEEEERKNS_19ImgOutlierDetectionIS7_EERb]+0x137f): undefined reference to `cv::rectangle(cv::_InputOutputArray const&, cv::Point_<int>, cv::Point_<int>, cv::Scalar_<double> const&, int, int, int)'
CMakeFiles/rovio_rosbag_loader.dir/src/rovio_rosbag_loader.cpp.o: In function `rovio::ImgUpdate<rovio::FilterState<25u, 4, 6, 1, 0> >::commonPostProcess(rovio::FilterState<25u, 4, 6, 1, 0>&, rovio::ImgUpdateMeas<rovio::State<25u, 4, 6, 1, 0> > const&)':
rovio_rosbag_loader.cpp:(.text._ZN5rovio9ImgUpdateINS_11FilterStateILj25ELi4ELi6ELi1ELi0EEEE17commonPostProcessERS2_RKNS_13ImgUpdateMeasINS_5StateILj25ELi4ELi6ELi1ELi0EEEEE[_ZN5rovio9ImgUpdateINS_11FilterStateILj25ELi4ELi6ELi1ELi0EEEE17commonPostProcessERS2_RKNS_13ImgUpdateMeasINS_5StateILj25ELi4ELi6ELi1ELi0EEEEE]+0x51f): undefined reference to `cv::line(cv::_InputOutputArray const&, cv::Point_<int>, cv::Point_<int>, cv::Scalar_<double> const&, int, int, int)'
rovio_rosbag_loader.cpp:(.text._ZN5rovio9ImgUpdateINS_11FilterStateILj25ELi4ELi6ELi1ELi0EEEE17commonPostProcessERS2_RKNS_13ImgUpdateMeasINS_5StateILj25ELi4ELi6ELi1ELi0EEEEE[_ZN5rovio9ImgUpdateINS_11FilterStateILj25ELi4ELi6ELi1ELi0EEEE17commonPostProcessERS2_RKNS_13ImgUpdateMeasINS_5StateILj25ELi4ELi6ELi1ELi0EEEEE]+0x69b): undefined reference to `cv::line(cv::_InputOutputArray const&, cv::Point_<int>, cv::Point_<int>, cv::Scalar_<double> const&, int, int, int)'
rovio_rosbag_loader.cpp:(.text._ZN5rovio9ImgUpdateINS_11FilterStateILj25ELi4ELi6ELi1ELi0EEEE17commonPostProcessERS2_RKNS_13ImgUpdateMeasINS_5StateILj25ELi4ELi6ELi1ELi0EEEEE[_ZN5rovio9ImgUpdateINS_11FilterStateILj25ELi4ELi6ELi1ELi0EEEE17commonPostProcessERS2_RKNS_13ImgUpdateMeasINS_5StateILj25ELi4ELi6ELi1ELi0EEEEE]+0x803): undefined reference to `cv::line(cv::_InputOutputArray const&, cv::Point_<int>, cv::Point_<int>, cv::Scalar_<double> const&, int, int, int)'
rovio_rosbag_loader.cpp:(.text._ZN5rovio9ImgUpdateINS_11FilterStateILj25ELi4ELi6ELi1ELi0EEEE17commonPostProcessERS2_RKNS_13ImgUpdateMeasINS_5StateILj25ELi4ELi6ELi1ELi0EEEEE[_ZN5rovio9ImgUpdateINS_11FilterStateILj25ELi4ELi6ELi1ELi0EEEE17commonPostProcessERS2_RKNS_13ImgUpdateMeasINS_5StateILj25ELi4ELi6ELi1ELi0EEEEE]+0x96b): undefined reference to `cv::line(cv::_InputOutputArray const&, cv::Point_<int>, cv::Point_<int>, cv::Scalar_<double> const&, int, int, int)'
rovio_rosbag_loader.cpp:(.text._ZN5rovio9ImgUpdateINS_11FilterStateILj25ELi4ELi6ELi1ELi0EEEE17commonPostProcessERS2_RKNS_13ImgUpdateMeasINS_5StateILj25ELi4ELi6ELi1ELi0EEEEE[_ZN5rovio9ImgUpdateINS_11FilterStateILj25ELi4ELi6ELi1ELi0EEEE17commonPostProcessERS2_RKNS_13ImgUpdateMeasINS_5StateILj25ELi4ELi6ELi1ELi0EEEEE]+0x1a96): undefined reference to `cv::putText(cv::_InputOutputArray const&, cv::String const&, cv::Point_<int>, int, double, cv::Scalar_<double>, int, int, bool)'
CMakeFiles/rovio_rosbag_loader.dir/src/rovio_rosbag_loader.cpp.o: In function `rovio::ImagePyramid<4>::detectFastCorners(std::vector<rovio::FeatureCoordinates, std::allocator<rovio::FeatureCoordinates> >&, int, int) const':
rovio_rosbag_loader.cpp:(.text._ZNK5rovio12ImagePyramidILi4EE17detectFastCornersERSt6vectorINS_18FeatureCoordinatesESaIS3_EEii[_ZNK5rovio12ImagePyramidILi4EE17detectFastCornersERSt6vectorINS_18FeatureCoordinatesESaIS3_EEii]+0x54): undefined reference to `cv::FastFeatureDetector::create(int, bool, int)'
CMakeFiles/rovio_rosbag_loader.dir/src/rovio_rosbag_loader.cpp.o: In function `rovio::ImgUpdate<rovio::FilterState<25u, 4, 6, 1, 0> >::drawVirtualHorizon(rovio::FilterState<25u, 4, 6, 1, 0>&, int)':
rovio_rosbag_loader.cpp:(.text._ZN5rovio9ImgUpdateINS_11FilterStateILj25ELi4ELi6ELi1ELi0EEEE18drawVirtualHorizonERS2_i[_ZN5rovio9ImgUpdateINS_11FilterStateILj25ELi4ELi6ELi1ELi0EEEE18drawVirtualHorizonERS2_i]+0x158): undefined reference to `cv::rectangle(cv::_InputOutputArray const&, cv::Point_<int>, cv::Point_<int>, cv::Scalar_<double> const&, int, int, int)'
rovio_rosbag_loader.cpp:(.text._ZN5rovio9ImgUpdateINS_11FilterStateILj25ELi4ELi6ELi1ELi0EEEE18drawVirtualHorizonERS2_i[_ZN5rovio9ImgUpdateINS_11FilterStateILj25ELi4ELi6ELi1ELi0EEEE18drawVirtualHorizonERS2_i]+0x28c): undefined reference to `cv::rectangle(cv::_InputOutputArray const&, cv::Point_<int>, cv::Point_<int>, cv::Scalar_<double> const&, int, int, int)'
rovio_rosbag_loader.cpp:(.text._ZN5rovio9ImgUpdateINS_11FilterStateILj25ELi4ELi6ELi1ELi0EEEE18drawVirtualHorizonERS2_i[_ZN5rovio9ImgUpdateINS_11FilterStateILj25ELi4ELi6ELi1ELi0EEEE18drawVirtualHorizonERS2_i]+0x3bd): undefined reference to `cv::putText(cv::_InputOutputArray const&, cv::String const&, cv::Point_<int>, int, double, cv::Scalar_<double>, int, int, bool)'
rovio_rosbag_loader.cpp:(.text._ZN5rovio9ImgUpdateINS_11FilterStateILj25ELi4ELi6ELi1ELi0EEEE18drawVirtualHorizonERS2_i[_ZN5rovio9ImgUpdateINS_11FilterStateILj25ELi4ELi6ELi1ELi0EEEE18drawVirtualHorizonERS2_i]+0x59c): undefined reference to `cv::circle(cv::_InputOutputArray const&, cv::Point_<int>, int, cv::Scalar_<double> const&, int, int, int)'
rovio_rosbag_loader.cpp:(.text._ZN5rovio9ImgUpdateINS_11FilterStateILj25ELi4ELi6ELi1ELi0EEEE18drawVirtualHorizonERS2_i[_ZN5rovio9ImgUpdateINS_11FilterStateILj25ELi4ELi6ELi1ELi0EEEE18drawVirtualHorizonERS2_i]+0x62a): undefined reference to `cv::circle(cv::_InputOutputArray const&, cv::Point_<int>, int, cv::Scalar_<double> const&, int, int, int)'
rovio_rosbag_loader.cpp:(.text._ZN5rovio9ImgUpdateINS_11FilterStateILj25ELi4ELi6ELi1ELi0EEEE18drawVirtualHorizonERS2_i[_ZN5rovio9ImgUpdateINS_11FilterStateILj25ELi4ELi6ELi1ELi0EEEE18drawVirtualHorizonERS2_i]+0xb41): undefined reference to `cv::line(cv::_InputOutputArray const&, cv::Point_<int>, cv::Point_<int>, cv::Scalar_<double> const&, int, int, int)'
rovio_rosbag_loader.cpp:(.text._ZN5rovio9ImgUpdateINS_11FilterStateILj25ELi4ELi6ELi1ELi0EEEE18drawVirtualHorizonERS2_i[_ZN5rovio9ImgUpdateINS_11FilterStateILj25ELi4ELi6ELi1ELi0EEEE18drawVirtualHorizonERS2_i]+0xc2d): undefined reference to `cv::line(cv::_InputOutputArray const&, cv::Point_<int>, cv::Point_<int>, cv::Scalar_<double> const&, int, int, int)'
rovio_rosbag_loader.cpp:(.text._ZN5rovio9ImgUpdateINS_11FilterStateILj25ELi4ELi6ELi1ELi0EEEE18drawVirtualHorizonERS2_i[_ZN5rovio9ImgUpdateINS_11FilterStateILj25ELi4ELi6ELi1ELi0EEEE18drawVirtualHorizonERS2_i]+0xcf7): undefined reference to `cv::ellipse(cv::_InputOutputArray const&, cv::Point_<int>, cv::Size_<int>, double, double, double, cv::Scalar_<double> const&, int, int, int)'
rovio_rosbag_loader.cpp:(.text._ZN5rovio9ImgUpdateINS_11FilterStateILj25ELi4ELi6ELi1ELi0EEEE18drawVirtualHorizonERS2_i[_ZN5rovio9ImgUpdateINS_11FilterStateILj25ELi4ELi6ELi1ELi0EEEE18drawVirtualHorizonERS2_i]+0xd8b): undefined reference to `cv::circle(cv::_InputOutputArray const&, cv::Point_<int>, int, cv::Scalar_<double> const&, int, int, int)'
CMakeFiles/rovio_rosbag_loader.dir/src/rovio_rosbag_loader.cpp.o: In function `rovio::Patch<6>::drawPatchBorder(cv::Mat&, rovio::FeatureCoordinates const&, float, cv::Scalar_<double> const&) const':
rovio_rosbag_loader.cpp:(.text._ZNK5rovio5PatchILi6EE15drawPatchBorderERN2cv3MatERKNS_18FeatureCoordinatesEfRKNS2_7Scalar_IdEE[_ZNK5rovio5PatchILi6EE15drawPatchBorderERN2cv3MatERKNS_18FeatureCoordinatesEfRKNS2_7Scalar_IdEE]+0x207): undefined reference to `cv::line(cv::_InputOutputArray const&, cv::Point_<int>, cv::Point_<int>, cv::Scalar_<double> const&, int, int, int)'
rovio_rosbag_loader.cpp:(.text._ZNK5rovio5PatchILi6EE15drawPatchBorderERN2cv3MatERKNS_18FeatureCoordinatesEfRKNS2_7Scalar_IdEE[_ZNK5rovio5PatchILi6EE15drawPatchBorderERN2cv3MatERKNS_18FeatureCoordinatesEfRKNS2_7Scalar_IdEE]+0x30c): undefined reference to `cv::line(cv::_InputOutputArray const&, cv::Point_<int>, cv::Point_<int>, cv::Scalar_<double> const&, int, int, int)'
rovio_rosbag_loader.cpp:(.text._ZNK5rovio5PatchILi6EE15drawPatchBorderERN2cv3MatERKNS_18FeatureCoordinatesEfRKNS2_7Scalar_IdEE[_ZNK5rovio5PatchILi6EE15drawPatchBorderERN2cv3MatERKNS_18FeatureCoordinatesEfRKNS2_7Scalar_IdEE]+0x413): undefined reference to `cv::line(cv::_InputOutputArray const&, cv::Point_<int>, cv::Point_<int>, cv::Scalar_<double> const&, int, int, int)'
rovio_rosbag_loader.cpp:(.text._ZNK5rovio5PatchILi6EE15drawPatchBorderERN2cv3MatERKNS_18FeatureCoordinatesEfRKNS2_7Scalar_IdEE[_ZNK5rovio5PatchILi6EE15drawPatchBorderERN2cv3MatERKNS_18FeatureCoordinatesEfRKNS2_7Scalar_IdEE]+0x519): undefined reference to `cv::line(cv::_InputOutputArray const&, cv::Point_<int>, cv::Point_<int>, cv::Scalar_<double> const&, int, int, int)'
collect2: error: ld returned 1 exit status
make[2]: *** [/home/uav_master/vision_ws/devel/.private/rovio/lib/rovio/rovio_rosbag_loader] Error 1
make[1]: *** [CMakeFiles/rovio_rosbag_loader.dir/all] Error 2
make: *** [all] Error 2
