CMakeFiles/rovio_node.dir/src/rovio_node.cpp.o: In function `cv::String::String(char const*)':
rovio_node.cpp:(.text._ZN2cv6StringC2EPKc[_ZN2cv6StringC5EPKc]+0x30): undefined reference to `cv::String::allocate(unsigned long)'
CMakeFiles/rovio_node.dir/src/rovio_node.cpp.o: In function `cv::String::String(std::string const&)':
rovio_node.cpp:(.text._ZN2cv6StringC2ERKSs[_ZN2cv6StringC5ERKSs]+0x34): undefined reference to `cv::String::allocate(unsigned long)'
CMakeFiles/rovio_node.dir/src/rovio_node.cpp.o: In function `rovio::ImgUpdate<rovio::FilterState<25u, 4, 6, 1, 0> >::drawVirtualHorizon(rovio::FilterState<25u, 4, 6, 1, 0>&, int)':
rovio_node.cpp:(.text._ZN5rovio9ImgUpdateINS_11FilterStateILj25ELi4ELi6ELi1ELi0EEEE18drawVirtualHorizonERS2_i[_ZN5rovio9ImgUpdateINS_11FilterStateILj25ELi4ELi6ELi1ELi0EEEE18drawVirtualHorizonERS2_i]+0xe8): undefined reference to `cv::rectangle(cv::_InputOutputArray const&, cv::Point_<int>, cv::Point_<int>, cv::Scalar_<double> const&, int, int, int)'
rovio_node.cpp:(.text._ZN5rovio9ImgUpdateINS_11FilterStateILj25ELi4ELi6ELi1ELi0EEEE18drawVirtualHorizonERS2_i[_ZN5rovio9ImgUpdateINS_11FilterStateILj25ELi4ELi6ELi1ELi0EEEE18drawVirtualHorizonERS2_i]+0x19c): undefined reference to `cv::rectangle(cv::_InputOutputArray const&, cv::Point_<int>, cv::Point_<int>, cv::Scalar_<double> const&, int, int, int)'
rovio_node.cpp:(.text._ZN5rovio9ImgUpdateINS_11FilterStateILj25ELi4ELi6ELi1ELi0EEEE18drawVirtualHorizonERS2_i[_ZN5rovio9ImgUpdateINS_11FilterStateILj25ELi4ELi6ELi1ELi0EEEE18drawVirtualHorizonERS2_i]+0x2a9): undefined reference to `cv::putText(cv::_InputOutputArray const&, cv::String const&, cv::Point_<int>, int, double, cv::Scalar_<double>, int, int, bool)'
rovio_node.cpp:(.text._ZN5rovio9ImgUpdateINS_11FilterStateILj25ELi4ELi6ELi1ELi0EEEE18drawVirtualHorizonERS2_i[_ZN5rovio9ImgUpdateINS_11FilterStateILj25ELi4ELi6ELi1ELi0EEEE18drawVirtualHorizonERS2_i]+0x2b6): undefined reference to `cv::String::deallocate()'
rovio_node.cpp:(.text._ZN5rovio9ImgUpdateINS_11FilterStateILj25ELi4ELi6ELi1ELi0EEEE18drawVirtualHorizonERS2_i[_ZN5rovio9ImgUpdateINS_11FilterStateILj25ELi4ELi6ELi1ELi0EEEE18drawVirtualHorizonERS2_i]+0x3c4): undefined reference to `cv::circle(cv::_InputOutputArray const&, cv::Point_<int>, int, cv::Scalar_<double> const&, int, int, int)'
rovio_node.cpp:(.text._ZN5rovio9ImgUpdateINS_11FilterStateILj25ELi4ELi6ELi1ELi0EEEE18drawVirtualHorizonERS2_i[_ZN5rovio9ImgUpdateINS_11FilterStateILj25ELi4ELi6ELi1ELi0EEEE18drawVirtualHorizonERS2_i]+0x428): undefined reference to `cv::circle(cv::_InputOutputArray const&, cv::Point_<int>, int, cv::Scalar_<double> const&, int, int, int)'
rovio_node.cpp:(.text._ZN5rovio9ImgUpdateINS_11FilterStateILj25ELi4ELi6ELi1ELi0EEEE18drawVirtualHorizonERS2_i[_ZN5rovio9ImgUpdateINS_11FilterStateILj25ELi4ELi6ELi1ELi0EEEE18drawVirtualHorizonERS2_i]+0x6af): undefined reference to `cv::line(cv::_InputOutputArray const&, cv::Point_<int>, cv::Point_<int>, cv::Scalar_<double> const&, int, int, int)'
rovio_node.cpp:(.text._ZN5rovio9ImgUpdateINS_11FilterStateILj25ELi4ELi6ELi1ELi0EEEE18drawVirtualHorizonERS2_i[_ZN5rovio9ImgUpdateINS_11FilterStateILj25ELi4ELi6ELi1ELi0EEEE18drawVirtualHorizonERS2_i]+0x727): undefined reference to `cv::line(cv::_InputOutputArray const&, cv::Point_<int>, cv::Point_<int>, cv::Scalar_<double> const&, int, int, int)'
rovio_node.cpp:(.text._ZN5rovio9ImgUpdateINS_11FilterStateILj25ELi4ELi6ELi1ELi0EEEE18drawVirtualHorizonERS2_i[_ZN5rovio9ImgUpdateINS_11FilterStateILj25ELi4ELi6ELi1ELi0EEEE18drawVirtualHorizonERS2_i]+0x7a7): undefined reference to `cv::ellipse(cv::_InputOutputArray const&, cv::Point_<int>, cv::Size_<int>, double, double, double, cv::Scalar_<double> const&, int, int, int)'
rovio_node.cpp:(.text._ZN5rovio9ImgUpdateINS_11FilterStateILj25ELi4ELi6ELi1ELi0EEEE18drawVirtualHorizonERS2_i[_ZN5rovio9ImgUpdateINS_11FilterStateILj25ELi4ELi6ELi1ELi0EEEE18drawVirtualHorizonERS2_i]+0x807): undefined reference to `cv::circle(cv::_InputOutputArray const&, cv::Point_<int>, int, cv::Scalar_<double> const&, int, int, int)'
rovio_node.cpp:(.text._ZN5rovio9ImgUpdateINS_11FilterStateILj25ELi4ELi6ELi1ELi0EEEE18drawVirtualHorizonERS2_i[_ZN5rovio9ImgUpdateINS_11FilterStateILj25ELi4ELi6ELi1ELi0EEEE18drawVirtualHorizonERS2_i]+0x83c): undefined reference to `cv::String::allocate(unsigned long)'
rovio_node.cpp:(.text._ZN5rovio9ImgUpdateINS_11FilterStateILj25ELi4ELi6ELi1ELi0EEEE18drawVirtualHorizonERS2_i[_ZN5rovio9ImgUpdateINS_11FilterStateILj25ELi4ELi6ELi1ELi0EEEE18drawVirtualHorizonERS2_i]+0x8b6): undefined reference to `cv::String::deallocate()'
CMakeFiles/rovio_node.dir/src/rovio_node.cpp.o: In function `rovio::Patch<6>::drawPatchBorder(cv::Mat&, rovio::FeatureCoordinates const&, float, cv::Scalar_<double> const&) const':
rovio_node.cpp:(.text._ZNK5rovio5PatchILi6EE15drawPatchBorderERN2cv3MatERKNS_18FeatureCoordinatesEfRKNS2_7Scalar_IdEE[_ZNK5rovio5PatchILi6EE15drawPatchBorderERN2cv3MatERKNS_18FeatureCoordinatesEfRKNS2_7Scalar_IdEE]+0x18d): undefined reference to `cv::line(cv::_InputOutputArray const&, cv::Point_<int>, cv::Point_<int>, cv::Scalar_<double> const&, int, int, int)'
rovio_node.cpp:(.text._ZNK5rovio5PatchILi6EE15drawPatchBorderERN2cv3MatERKNS_18FeatureCoordinatesEfRKNS2_7Scalar_IdEE[_ZNK5rovio5PatchILi6EE15drawPatchBorderERN2cv3MatERKNS_18FeatureCoordinatesEfRKNS2_7Scalar_IdEE]+0x24f): undefined reference to `cv::line(cv::_InputOutputArray const&, cv::Point_<int>, cv::Point_<int>, cv::Scalar_<double> const&, int, int, int)'
rovio_node.cpp:(.text._ZNK5rovio5PatchILi6EE15drawPatchBorderERN2cv3MatERKNS_18FeatureCoordinatesEfRKNS2_7Scalar_IdEE[_ZNK5rovio5PatchILi6EE15drawPatchBorderERN2cv3MatERKNS_18FeatureCoordinatesEfRKNS2_7Scalar_IdEE]+0x30f): undefined reference to `cv::line(cv::_InputOutputArray const&, cv::Point_<int>, cv::Point_<int>, cv::Scalar_<double> const&, int, int, int)'
rovio_node.cpp:(.text._ZNK5rovio5PatchILi6EE15drawPatchBorderERN2cv3MatERKNS_18FeatureCoordinatesEfRKNS2_7Scalar_IdEE[_ZNK5rovio5PatchILi6EE15drawPatchBorderERN2cv3MatERKNS_18FeatureCoordinatesEfRKNS2_7Scalar_IdEE]+0x3c8): undefined reference to `cv::line(cv::_InputOutputArray const&, cv::Point_<int>, cv::Point_<int>, cv::Scalar_<double> const&, int, int, int)'
CMakeFiles/rovio_node.dir/src/rovio_node.cpp.o: In function `rovio::ImagePyramid<4>::detectFastCorners(std::vector<rovio::FeatureCoordinates, std::allocator<rovio::FeatureCoordinates> >&, int, int) const':
rovio_node.cpp:(.text._ZNK5rovio12ImagePyramidILi4EE17detectFastCornersERSt6vectorINS_18FeatureCoordinatesESaIS3_EEii[_ZNK5rovio12ImagePyramidILi4EE17detectFastCornersERSt6vectorINS_18FeatureCoordinatesESaIS3_EEii]+0x51): undefined reference to `cv::FastFeatureDetector::create(int, bool, int)'
CMakeFiles/rovio_node.dir/src/rovio_node.cpp.o: In function `rovio::ImgUpdate<rovio::FilterState<25u, 4, 6, 1, 0> >::preProcess(rovio::FilterState<25u, 4, 6, 1, 0>&, rovio::ImgUpdateMeas<rovio::State<25u, 4, 6, 1, 0> > const&, bool&)':
rovio_node.cpp:(.text._ZN5rovio9ImgUpdateINS_11FilterStateILj25ELi4ELi6ELi1ELi0EEEE10preProcessERS2_RKNS_13ImgUpdateMeasINS_5StateILj25ELi4ELi6ELi1ELi0EEEEERb[_ZN5rovio9ImgUpdateINS_11FilterStateILj25ELi4ELi6ELi1ELi0EEEE10preProcessERS2_RKNS_13ImgUpdateMeasINS_5StateILj25ELi4ELi6ELi1ELi0EEEEERb]+0xaae): undefined reference to `cv::putText(cv::_InputOutputArray const&, cv::String const&, cv::Point_<int>, int, double, cv::Scalar_<double>, int, int, bool)'
rovio_node.cpp:(.text._ZN5rovio9ImgUpdateINS_11FilterStateILj25ELi4ELi6ELi1ELi0EEEE10preProcessERS2_RKNS_13ImgUpdateMeasINS_5StateILj25ELi4ELi6ELi1ELi0EEEEERb[_ZN5rovio9ImgUpdateINS_11FilterStateILj25ELi4ELi6ELi1ELi0EEEE10preProcessERS2_RKNS_13ImgUpdateMeasINS_5StateILj25ELi4ELi6ELi1ELi0EEEEERb]+0xabb): undefined reference to `cv::String::deallocate()'
rovio_node.cpp:(.text._ZN5rovio9ImgUpdateINS_11FilterStateILj25ELi4ELi6ELi1ELi0EEEE10preProcessERS2_RKNS_13ImgUpdateMeasINS_5StateILj25ELi4ELi6ELi1ELi0EEEEERb[_ZN5rovio9ImgUpdateINS_11FilterStateILj25ELi4ELi6ELi1ELi0EEEE10preProcessERS2_RKNS_13ImgUpdateMeasINS_5StateILj25ELi4ELi6ELi1ELi0EEEEERb]+0x12e9): undefined reference to `cv::String::deallocate()'
CMakeFiles/rovio_node.dir/src/rovio_node.cpp.o: In function `rovio::RovioNode<rovio::RovioFilter<rovio::FilterState<25u, 4, 6, 1, 0> > >::updateAndPublish()':
rovio_node.cpp:(.text._ZN5rovio9RovioNodeINS_11RovioFilterINS_11FilterStateILj25ELi4ELi6ELi1ELi0EEEEEE16updateAndPublishEv[_ZN5rovio9RovioNodeINS_11RovioFilterINS_11FilterStateILj25ELi4ELi6ELi1ELi0EEEEEE16updateAndPublishEv]+0x1bd): undefined reference to `cv::imshow(cv::String const&, cv::_InputArray const&)'
rovio_node.cpp:(.text._ZN5rovio9RovioNodeINS_11RovioFilterINS_11FilterStateILj25ELi4ELi6ELi1ELi0EEEEEE16updateAndPublishEv[_ZN5rovio9RovioNodeINS_11RovioFilterINS_11FilterStateILj25ELi4ELi6ELi1ELi0EEEEEE16updateAndPublishEv]+0x1c5): undefined reference to `cv::String::deallocate()'
rovio_node.cpp:(.text._ZN5rovio9RovioNodeINS_11RovioFilterINS_11FilterStateILj25ELi4ELi6ELi1ELi0EEEEEE16updateAndPublishEv[_ZN5rovio9RovioNodeINS_11RovioFilterINS_11FilterStateILj25ELi4ELi6ELi1ELi0EEEEEE16updateAndPublishEv]+0x1bfd): undefined reference to `cv::imshow(cv::String const&, cv::_InputArray const&)'
rovio_node.cpp:(.text._ZN5rovio9RovioNodeINS_11RovioFilterINS_11FilterStateILj25ELi4ELi6ELi1ELi0EEEEEE16updateAndPublishEv[_ZN5rovio9RovioNodeINS_11RovioFilterINS_11FilterStateILj25ELi4ELi6ELi1ELi0EEEEEE16updateAndPublishEv]+0x1c05): undefined reference to `cv::String::deallocate()'
rovio_node.cpp:(.text._ZN5rovio9RovioNodeINS_11RovioFilterINS_11FilterStateILj25ELi4ELi6ELi1ELi0EEEEEE16updateAndPublishEv[_ZN5rovio9RovioNodeINS_11RovioFilterINS_11FilterStateILj25ELi4ELi6ELi1ELi0EEEEEE16updateAndPublishEv]+0x1c60): undefined reference to `cv::String::deallocate()'
rovio_node.cpp:(.text._ZN5rovio9RovioNodeINS_11RovioFilterINS_11FilterStateILj25ELi4ELi6ELi1ELi0EEEEEE16updateAndPublishEv[_ZN5rovio9RovioNodeINS_11RovioFilterINS_11FilterStateILj25ELi4ELi6ELi1ELi0EEEEEE16updateAndPublishEv]+0x1d19): undefined reference to `cv::String::deallocate()'
CMakeFiles/rovio_node.dir/src/rovio_node.cpp.o: In function `rovio::ImgUpdate<rovio::FilterState<25u, 4, 6, 1, 0> >::commonPostProcess(rovio::FilterState<25u, 4, 6, 1, 0>&, rovio::ImgUpdateMeas<rovio::State<25u, 4, 6, 1, 0> > const&)':
rovio_node.cpp:(.text._ZN5rovio9ImgUpdateINS_11FilterStateILj25ELi4ELi6ELi1ELi0EEEE17commonPostProcessERS2_RKNS_13ImgUpdateMeasINS_5StateILj25ELi4ELi6ELi1ELi0EEEEE[_ZN5rovio9ImgUpdateINS_11FilterStateILj25ELi4ELi6ELi1ELi0EEEE17commonPostProcessERS2_RKNS_13ImgUpdateMeasINS_5StateILj25ELi4ELi6ELi1ELi0EEEEE]+0x1ab): undefined reference to `cv::line(cv::_InputOutputArray const&, cv::Point_<int>, cv::Point_<int>, cv::Scalar_<double> const&, int, int, int)'
rovio_node.cpp:(.text._ZN5rovio9ImgUpdateINS_11FilterStateILj25ELi4ELi6ELi1ELi0EEEE17commonPostProcessERS2_RKNS_13ImgUpdateMeasINS_5StateILj25ELi4ELi6ELi1ELi0EEEEE[_ZN5rovio9ImgUpdateINS_11FilterStateILj25ELi4ELi6ELi1ELi0EEEE17commonPostProcessERS2_RKNS_13ImgUpdateMeasINS_5StateILj25ELi4ELi6ELi1ELi0EEEEE]+0x2c2): undefined reference to `cv::line(cv::_InputOutputArray const&, cv::Point_<int>, cv::Point_<int>, cv::Scalar_<double> const&, int, int, int)'
rovio_node.cpp:(.text._ZN5rovio9ImgUpdateINS_11FilterStateILj25ELi4ELi6ELi1ELi0EEEE17commonPostProcessERS2_RKNS_13ImgUpdateMeasINS_5StateILj25ELi4ELi6ELi1ELi0EEEEE[_ZN5rovio9ImgUpdateINS_11FilterStateILj25ELi4ELi6ELi1ELi0EEEE17commonPostProcessERS2_RKNS_13ImgUpdateMeasINS_5StateILj25ELi4ELi6ELi1ELi0EEEEE]+0x3d1): undefined reference to `cv::line(cv::_InputOutputArray const&, cv::Point_<int>, cv::Point_<int>, cv::Scalar_<double> const&, int, int, int)'
rovio_node.cpp:(.text._ZN5rovio9ImgUpdateINS_11FilterStateILj25ELi4ELi6ELi1ELi0EEEE17commonPostProcessERS2_RKNS_13ImgUpdateMeasINS_5StateILj25ELi4ELi6ELi1ELi0EEEEE[_ZN5rovio9ImgUpdateINS_11FilterStateILj25ELi4ELi6ELi1ELi0EEEE17commonPostProcessERS2_RKNS_13ImgUpdateMeasINS_5StateILj25ELi4ELi6ELi1ELi0EEEEE]+0x4e6): undefined reference to `cv::line(cv::_InputOutputArray const&, cv::Point_<int>, cv::Point_<int>, cv::Scalar_<double> const&, int, int, int)'
rovio_node.cpp:(.text._ZN5rovio9ImgUpdateINS_11FilterStateILj25ELi4ELi6ELi1ELi0EEEE17commonPostProcessERS2_RKNS_13ImgUpdateMeasINS_5StateILj25ELi4ELi6ELi1ELi0EEEEE[_ZN5rovio9ImgUpdateINS_11FilterStateILj25ELi4ELi6ELi1ELi0EEEE17commonPostProcessERS2_RKNS_13ImgUpdateMeasINS_5StateILj25ELi4ELi6ELi1ELi0EEEEE]+0x114c): undefined reference to `cv::String::allocate(unsigned long)'
rovio_node.cpp:(.text._ZN5rovio9ImgUpdateINS_11FilterStateILj25ELi4ELi6ELi1ELi0EEEE17commonPostProcessERS2_RKNS_13ImgUpdateMeasINS_5StateILj25ELi4ELi6ELi1ELi0EEEEE[_ZN5rovio9ImgUpdateINS_11FilterStateILj25ELi4ELi6ELi1ELi0EEEE17commonPostProcessERS2_RKNS_13ImgUpdateMeasINS_5StateILj25ELi4ELi6ELi1ELi0EEEEE]+0x1203): undefined reference to `cv::putText(cv::_InputOutputArray const&, cv::String const&, cv::Point_<int>, int, double, cv::Scalar_<double>, int, int, bool)'
rovio_node.cpp:(.text._ZN5rovio9ImgUpdateINS_11FilterStateILj25ELi4ELi6ELi1ELi0EEEE17commonPostProcessERS2_RKNS_13ImgUpdateMeasINS_5StateILj25ELi4ELi6ELi1ELi0EEEEE[_ZN5rovio9ImgUpdateINS_11FilterStateILj25ELi4ELi6ELi1ELi0EEEE17commonPostProcessERS2_RKNS_13ImgUpdateMeasINS_5StateILj25ELi4ELi6ELi1ELi0EEEEE]+0x1210): undefined reference to `cv::String::deallocate()'
rovio_node.cpp:(.text._ZN5rovio9ImgUpdateINS_11FilterStateILj25ELi4ELi6ELi1ELi0EEEE17commonPostProcessERS2_RKNS_13ImgUpdateMeasINS_5StateILj25ELi4ELi6ELi1ELi0EEEEE[_ZN5rovio9ImgUpdateINS_11FilterStateILj25ELi4ELi6ELi1ELi0EEEE17commonPostProcessERS2_RKNS_13ImgUpdateMeasINS_5StateILj25ELi4ELi6ELi1ELi0EEEEE]+0x14d5): undefined reference to `cv::String::deallocate()'
CMakeFiles/rovio_node.dir/src/rovio_node.cpp.o: In function `rovio::ImgUpdate<rovio::FilterState<25u, 4, 6, 1, 0> >::postProcess(rovio::FilterState<25u, 4, 6, 1, 0>&, rovio::ImgUpdateMeas<rovio::State<25u, 4, 6, 1, 0> > const&, rovio::ImgOutlierDetection<rovio::State<25u, 4, 6, 1, 0> > const&, bool&)':
rovio_node.cpp:(.text._ZN5rovio9ImgUpdateINS_11FilterStateILj25ELi4ELi6ELi1ELi0EEEE11postProcessERS2_RKNS_13ImgUpdateMeasINS_5StateILj25ELi4ELi6ELi1ELi0EEEEERKNS_19ImgOutlierDetectionIS7_EERb[_ZN5rovio9ImgUpdateINS_11FilterStateILj25ELi4ELi6ELi1ELi0EEEE11postProcessERS2_RKNS_13ImgUpdateMeasINS_5StateILj25ELi4ELi6ELi1ELi0EEEEERKNS_19ImgOutlierDetectionIS7_EERb]+0x5f6): undefined reference to `cv::rectangle(cv::_InputOutputArray const&, cv::Point_<int>, cv::Point_<int>, cv::Scalar_<double> const&, int, int, int)'
collect2: error: ld returned 1 exit status
make[2]: *** [/home/uav_master/vision_ws/devel/.private/rovio/lib/rovio/rovio_node] Error 1
make[1]: *** [CMakeFiles/rovio_node.dir/all] Error 2
make[1]: *** Waiting for unfinished jobs....
CMakeFiles/feature_tracker_node.dir/src/feature_tracker_node.cpp.o: In function `cv::String::String(char const*)':
feature_tracker_node.cpp:(.text._ZN2cv6StringC2EPKc[_ZN2cv6StringC5EPKc]+0x30): undefined reference to `cv::String::allocate(unsigned long)'
CMakeFiles/feature_tracker_node.dir/src/feature_tracker_node.cpp.o: In function `rovio::FeatureTrackerNode::FeatureTrackerNode(ros::NodeHandle&)':
feature_tracker_node.cpp:(.text._ZN5rovio18FeatureTrackerNodeC2ERN3ros10NodeHandleE[_ZN5rovio18FeatureTrackerNodeC5ERN3ros10NodeHandleE]+0x10b8): undefined reference to `cv::namedWindow(cv::String const&, int)'
feature_tracker_node.cpp:(.text._ZN5rovio18FeatureTrackerNodeC2ERN3ros10NodeHandleE[_ZN5rovio18FeatureTrackerNodeC5ERN3ros10NodeHandleE]+0x10c0): undefined reference to `cv::String::deallocate()'
feature_tracker_node.cpp:(.text._ZN5rovio18FeatureTrackerNodeC2ERN3ros10NodeHandleE[_ZN5rovio18FeatureTrackerNodeC5ERN3ros10NodeHandleE]+0x1842): undefined reference to `cv::String::deallocate()'
CMakeFiles/feature_tracker_node.dir/src/feature_tracker_node.cpp.o: In function `rovio::ImagePyramid<4>::detectFastCorners(std::vector<rovio::FeatureCoordinates, std::allocator<rovio::FeatureCoordinates> >&, int, int) const':
feature_tracker_node.cpp:(.text._ZNK5rovio12ImagePyramidILi4EE17detectFastCornersERSt6vectorINS_18FeatureCoordinatesESaIS3_EEii[_ZNK5rovio12ImagePyramidILi4EE17detectFastCornersERSt6vectorINS_18FeatureCoordinatesESaIS3_EEii]+0x51): undefined reference to `cv::FastFeatureDetector::create(int, bool, int)'
CMakeFiles/feature_tracker_node.dir/src/feature_tracker_node.cpp.o: In function `rovio::FeatureTrackerNode::imgCallback(boost::shared_ptr<sensor_msgs::Image_<std::allocator<void> > const> const&)':
feature_tracker_node.cpp:(.text._ZN5rovio18FeatureTrackerNode11imgCallbackERKN5boost10shared_ptrIKN11sensor_msgs6Image_ISaIvEEEEE[_ZN5rovio18FeatureTrackerNode11imgCallbackERKN5boost10shared_ptrIKN11sensor_msgs6Image_ISaIvEEEEE]+0xe4c): undefined reference to `cv::rectangle(cv::_InputOutputArray const&, cv::Point_<int>, cv::Point_<int>, cv::Scalar_<double> const&, int, int, int)'
feature_tracker_node.cpp:(.text._ZN5rovio18FeatureTrackerNode11imgCallbackERKN5boost10shared_ptrIKN11sensor_msgs6Image_ISaIvEEEEE[_ZN5rovio18FeatureTrackerNode11imgCallbackERKN5boost10shared_ptrIKN11sensor_msgs6Image_ISaIvEEEEE]+0xf0a): undefined reference to `cv::rectangle(cv::_InputOutputArray const&, cv::Point_<int>, cv::Point_<int>, cv::Scalar_<double> const&, int, int, int)'
feature_tracker_node.cpp:(.text._ZN5rovio18FeatureTrackerNode11imgCallbackERKN5boost10shared_ptrIKN11sensor_msgs6Image_ISaIvEEEEE[_ZN5rovio18FeatureTrackerNode11imgCallbackERKN5boost10shared_ptrIKN11sensor_msgs6Image_ISaIvEEEEE]+0x1011): undefined reference to `cv::putText(cv::_InputOutputArray const&, cv::String const&, cv::Point_<int>, int, double, cv::Scalar_<double>, int, int, bool)'
feature_tracker_node.cpp:(.text._ZN5rovio18FeatureTrackerNode11imgCallbackERKN5boost10shared_ptrIKN11sensor_msgs6Image_ISaIvEEEEE[_ZN5rovio18FeatureTrackerNode11imgCallbackERKN5boost10shared_ptrIKN11sensor_msgs6Image_ISaIvEEEEE]+0x101e): undefined reference to `cv::String::deallocate()'
feature_tracker_node.cpp:(.text._ZN5rovio18FeatureTrackerNode11imgCallbackERKN5boost10shared_ptrIKN11sensor_msgs6Image_ISaIvEEEEE[_ZN5rovio18FeatureTrackerNode11imgCallbackERKN5boost10shared_ptrIKN11sensor_msgs6Image_ISaIvEEEEE]+0x1230): undefined reference to `cv::rectangle(cv::_InputOutputArray const&, cv::Point_<int>, cv::Point_<int>, cv::Scalar_<double> const&, int, int, int)'
feature_tracker_node.cpp:(.text._ZN5rovio18FeatureTrackerNode11imgCallbackERKN5boost10shared_ptrIKN11sensor_msgs6Image_ISaIvEEEEE[_ZN5rovio18FeatureTrackerNode11imgCallbackERKN5boost10shared_ptrIKN11sensor_msgs6Image_ISaIvEEEEE]+0x1290): undefined reference to `cv::String::allocate(unsigned long)'
feature_tracker_node.cpp:(.text._ZN5rovio18FeatureTrackerNode11imgCallbackERKN5boost10shared_ptrIKN11sensor_msgs6Image_ISaIvEEEEE[_ZN5rovio18FeatureTrackerNode11imgCallbackERKN5boost10shared_ptrIKN11sensor_msgs6Image_ISaIvEEEEE]+0x15b8): undefined reference to `cv::imshow(cv::String const&, cv::_InputArray const&)'
feature_tracker_node.cpp:(.text._ZN5rovio18FeatureTrackerNode11imgCallbackERKN5boost10shared_ptrIKN11sensor_msgs6Image_ISaIvEEEEE[_ZN5rovio18FeatureTrackerNode11imgCallbackERKN5boost10shared_ptrIKN11sensor_msgs6Image_ISaIvEEEEE]+0x15c5): undefined reference to `cv::String::deallocate()'
feature_tracker_node.cpp:(.text._ZN5rovio18FeatureTrackerNode11imgCallbackERKN5boost10shared_ptrIKN11sensor_msgs6Image_ISaIvEEEEE[_ZN5rovio18FeatureTrackerNode11imgCallbackERKN5boost10shared_ptrIKN11sensor_msgs6Image_ISaIvEEEEE]+0x161a): undefined reference to `cv::imshow(cv::String const&, cv::_InputArray const&)'
feature_tracker_node.cpp:(.text._ZN5rovio18FeatureTrackerNode11imgCallbackERKN5boost10shared_ptrIKN11sensor_msgs6Image_ISaIvEEEEE[_ZN5rovio18FeatureTrackerNode11imgCallbackERKN5boost10shared_ptrIKN11sensor_msgs6Image_ISaIvEEEEE]+0x1627): undefined reference to `cv::String::deallocate()'
feature_tracker_node.cpp:(.text._ZN5rovio18FeatureTrackerNode11imgCallbackERKN5boost10shared_ptrIKN11sensor_msgs6Image_ISaIvEEEEE[_ZN5rovio18FeatureTrackerNode11imgCallbackERKN5boost10shared_ptrIKN11sensor_msgs6Image_ISaIvEEEEE]+0x170d): undefined reference to `cv::String::deallocate()'
feature_tracker_node.cpp:(.text._ZN5rovio18FeatureTrackerNode11imgCallbackERKN5boost10shared_ptrIKN11sensor_msgs6Image_ISaIvEEEEE[_ZN5rovio18FeatureTrackerNode11imgCallbackERKN5boost10shared_ptrIKN11sensor_msgs6Image_ISaIvEEEEE]+0x1843): undefined reference to `cv::String::deallocate()'
feature_tracker_node.cpp:(.text._ZN5rovio18FeatureTrackerNode11imgCallbackERKN5boost10shared_ptrIKN11sensor_msgs6Image_ISaIvEEEEE[_ZN5rovio18FeatureTrackerNode11imgCallbackERKN5boost10shared_ptrIKN11sensor_msgs6Image_ISaIvEEEEE]+0x19a3): undefined reference to `cv::String::deallocate()'
/home/uav_master/vision_ws/devel/.private/rovio/lib/librovio.so: undefined reference to `cv::line(cv::_InputOutputArray const&, cv::Point_<int>, cv::Point_<int>, cv::Scalar_<double> const&, int, int, int)'
/home/uav_master/vision_ws/devel/.private/rovio/lib/librovio.so: undefined reference to `cv::ellipse(cv::_InputOutputArray const&, cv::Point_<int>, cv::Size_<int>, double, double, double, cv::Scalar_<double> const&, int, int, int)'
/home/uav_master/vision_ws/devel/.private/rovio/lib/librovio.so: undefined reference to `cv::circle(cv::_InputOutputArray const&, cv::Point_<int>, int, cv::Scalar_<double> const&, int, int, int)'
collect2: error: ld returned 1 exit status
make[2]: *** [/home/uav_master/vision_ws/devel/.private/rovio/lib/rovio/feature_tracker_node] Error 1
make[1]: *** [CMakeFiles/feature_tracker_node.dir/all] Error 2
CMakeFiles/rovio_rosbag_loader.dir/src/rovio_rosbag_loader.cpp.o: In function `cv::String::String(char const*)':
rovio_rosbag_loader.cpp:(.text._ZN2cv6StringC2EPKc[_ZN2cv6StringC5EPKc]+0x30): undefined reference to `cv::String::allocate(unsigned long)'
CMakeFiles/rovio_rosbag_loader.dir/src/rovio_rosbag_loader.cpp.o: In function `cv::String::String(std::string const&)':
rovio_rosbag_loader.cpp:(.text._ZN2cv6StringC2ERKSs[_ZN2cv6StringC5ERKSs]+0x34): undefined reference to `cv::String::allocate(unsigned long)'
CMakeFiles/rovio_rosbag_loader.dir/src/rovio_rosbag_loader.cpp.o: In function `rovio::ImgUpdate<rovio::FilterState<25u, 4, 6, 1, 0> >::drawVirtualHorizon(rovio::FilterState<25u, 4, 6, 1, 0>&, int)':
rovio_rosbag_loader.cpp:(.text._ZN5rovio9ImgUpdateINS_11FilterStateILj25ELi4ELi6ELi1ELi0EEEE18drawVirtualHorizonERS2_i[_ZN5rovio9ImgUpdateINS_11FilterStateILj25ELi4ELi6ELi1ELi0EEEE18drawVirtualHorizonERS2_i]+0xe8): undefined reference to `cv::rectangle(cv::_InputOutputArray const&, cv::Point_<int>, cv::Point_<int>, cv::Scalar_<double> const&, int, int, int)'
rovio_rosbag_loader.cpp:(.text._ZN5rovio9ImgUpdateINS_11FilterStateILj25ELi4ELi6ELi1ELi0EEEE18drawVirtualHorizonERS2_i[_ZN5rovio9ImgUpdateINS_11FilterStateILj25ELi4ELi6ELi1ELi0EEEE18drawVirtualHorizonERS2_i]+0x19c): undefined reference to `cv::rectangle(cv::_InputOutputArray const&, cv::Point_<int>, cv::Point_<int>, cv::Scalar_<double> const&, int, int, int)'
rovio_rosbag_loader.cpp:(.text._ZN5rovio9ImgUpdateINS_11FilterStateILj25ELi4ELi6ELi1ELi0EEEE18drawVirtualHorizonERS2_i[_ZN5rovio9ImgUpdateINS_11FilterStateILj25ELi4ELi6ELi1ELi0EEEE18drawVirtualHorizonERS2_i]+0x2a9): undefined reference to `cv::putText(cv::_InputOutputArray const&, cv::String const&, cv::Point_<int>, int, double, cv::Scalar_<double>, int, int, bool)'
rovio_rosbag_loader.cpp:(.text._ZN5rovio9ImgUpdateINS_11FilterStateILj25ELi4ELi6ELi1ELi0EEEE18drawVirtualHorizonERS2_i[_ZN5rovio9ImgUpdateINS_11FilterStateILj25ELi4ELi6ELi1ELi0EEEE18drawVirtualHorizonERS2_i]+0x2b6): undefined reference to `cv::String::deallocate()'
rovio_rosbag_loader.cpp:(.text._ZN5rovio9ImgUpdateINS_11FilterStateILj25ELi4ELi6ELi1ELi0EEEE18drawVirtualHorizonERS2_i[_ZN5rovio9ImgUpdateINS_11FilterStateILj25ELi4ELi6ELi1ELi0EEEE18drawVirtualHorizonERS2_i]+0x3c4): undefined reference to `cv::circle(cv::_InputOutputArray const&, cv::Point_<int>, int, cv::Scalar_<double> const&, int, int, int)'
rovio_rosbag_loader.cpp:(.text._ZN5rovio9ImgUpdateINS_11FilterStateILj25ELi4ELi6ELi1ELi0EEEE18drawVirtualHorizonERS2_i[_ZN5rovio9ImgUpdateINS_11FilterStateILj25ELi4ELi6ELi1ELi0EEEE18drawVirtualHorizonERS2_i]+0x428): undefined reference to `cv::circle(cv::_InputOutputArray const&, cv::Point_<int>, int, cv::Scalar_<double> const&, int, int, int)'
rovio_rosbag_loader.cpp:(.text._ZN5rovio9ImgUpdateINS_11FilterStateILj25ELi4ELi6ELi1ELi0EEEE18drawVirtualHorizonERS2_i[_ZN5rovio9ImgUpdateINS_11FilterStateILj25ELi4ELi6ELi1ELi0EEEE18drawVirtualHorizonERS2_i]+0x6af): undefined reference to `cv::line(cv::_InputOutputArray const&, cv::Point_<int>, cv::Point_<int>, cv::Scalar_<double> const&, int, int, int)'
rovio_rosbag_loader.cpp:(.text._ZN5rovio9ImgUpdateINS_11FilterStateILj25ELi4ELi6ELi1ELi0EEEE18drawVirtualHorizonERS2_i[_ZN5rovio9ImgUpdateINS_11FilterStateILj25ELi4ELi6ELi1ELi0EEEE18drawVirtualHorizonERS2_i]+0x727): undefined reference to `cv::line(cv::_InputOutputArray const&, cv::Point_<int>, cv::Point_<int>, cv::Scalar_<double> const&, int, int, int)'
rovio_rosbag_loader.cpp:(.text._ZN5rovio9ImgUpdateINS_11FilterStateILj25ELi4ELi6ELi1ELi0EEEE18drawVirtualHorizonERS2_i[_ZN5rovio9ImgUpdateINS_11FilterStateILj25ELi4ELi6ELi1ELi0EEEE18drawVirtualHorizonERS2_i]+0x7a7): undefined reference to `cv::ellipse(cv::_InputOutputArray const&, cv::Point_<int>, cv::Size_<int>, double, double, double, cv::Scalar_<double> const&, int, int, int)'
rovio_rosbag_loader.cpp:(.text._ZN5rovio9ImgUpdateINS_11FilterStateILj25ELi4ELi6ELi1ELi0EEEE18drawVirtualHorizonERS2_i[_ZN5rovio9ImgUpdateINS_11FilterStateILj25ELi4ELi6ELi1ELi0EEEE18drawVirtualHorizonERS2_i]+0x807): undefined reference to `cv::circle(cv::_InputOutputArray const&, cv::Point_<int>, int, cv::Scalar_<double> const&, int, int, int)'
rovio_rosbag_loader.cpp:(.text._ZN5rovio9ImgUpdateINS_11FilterStateILj25ELi4ELi6ELi1ELi0EEEE18drawVirtualHorizonERS2_i[_ZN5rovio9ImgUpdateINS_11FilterStateILj25ELi4ELi6ELi1ELi0EEEE18drawVirtualHorizonERS2_i]+0x83c): undefined reference to `cv::String::allocate(unsigned long)'
rovio_rosbag_loader.cpp:(.text._ZN5rovio9ImgUpdateINS_11FilterStateILj25ELi4ELi6ELi1ELi0EEEE18drawVirtualHorizonERS2_i[_ZN5rovio9ImgUpdateINS_11FilterStateILj25ELi4ELi6ELi1ELi0EEEE18drawVirtualHorizonERS2_i]+0x8b6): undefined reference to `cv::String::deallocate()'
CMakeFiles/rovio_rosbag_loader.dir/src/rovio_rosbag_loader.cpp.o: In function `rovio::Patch<6>::drawPatchBorder(cv::Mat&, rovio::FeatureCoordinates const&, float, cv::Scalar_<double> const&) const':
rovio_rosbag_loader.cpp:(.text._ZNK5rovio5PatchILi6EE15drawPatchBorderERN2cv3MatERKNS_18FeatureCoordinatesEfRKNS2_7Scalar_IdEE[_ZNK5rovio5PatchILi6EE15drawPatchBorderERN2cv3MatERKNS_18FeatureCoordinatesEfRKNS2_7Scalar_IdEE]+0x18d): undefined reference to `cv::line(cv::_InputOutputArray const&, cv::Point_<int>, cv::Point_<int>, cv::Scalar_<double> const&, int, int, int)'
rovio_rosbag_loader.cpp:(.text._ZNK5rovio5PatchILi6EE15drawPatchBorderERN2cv3MatERKNS_18FeatureCoordinatesEfRKNS2_7Scalar_IdEE[_ZNK5rovio5PatchILi6EE15drawPatchBorderERN2cv3MatERKNS_18FeatureCoordinatesEfRKNS2_7Scalar_IdEE]+0x24f): undefined reference to `cv::line(cv::_InputOutputArray const&, cv::Point_<int>, cv::Point_<int>, cv::Scalar_<double> const&, int, int, int)'
rovio_rosbag_loader.cpp:(.text._ZNK5rovio5PatchILi6EE15drawPatchBorderERN2cv3MatERKNS_18FeatureCoordinatesEfRKNS2_7Scalar_IdEE[_ZNK5rovio5PatchILi6EE15drawPatchBorderERN2cv3MatERKNS_18FeatureCoordinatesEfRKNS2_7Scalar_IdEE]+0x30f): undefined reference to `cv::line(cv::_InputOutputArray const&, cv::Point_<int>, cv::Point_<int>, cv::Scalar_<double> const&, int, int, int)'
rovio_rosbag_loader.cpp:(.text._ZNK5rovio5PatchILi6EE15drawPatchBorderERN2cv3MatERKNS_18FeatureCoordinatesEfRKNS2_7Scalar_IdEE[_ZNK5rovio5PatchILi6EE15drawPatchBorderERN2cv3MatERKNS_18FeatureCoordinatesEfRKNS2_7Scalar_IdEE]+0x3c8): undefined reference to `cv::line(cv::_InputOutputArray const&, cv::Point_<int>, cv::Point_<int>, cv::Scalar_<double> const&, int, int, int)'
CMakeFiles/rovio_rosbag_loader.dir/src/rovio_rosbag_loader.cpp.o: In function `rovio::ImagePyramid<4>::detectFastCorners(std::vector<rovio::FeatureCoordinates, std::allocator<rovio::FeatureCoordinates> >&, int, int) const':
rovio_rosbag_loader.cpp:(.text._ZNK5rovio12ImagePyramidILi4EE17detectFastCornersERSt6vectorINS_18FeatureCoordinatesESaIS3_EEii[_ZNK5rovio12ImagePyramidILi4EE17detectFastCornersERSt6vectorINS_18FeatureCoordinatesESaIS3_EEii]+0x51): undefined reference to `cv::FastFeatureDetector::create(int, bool, int)'
CMakeFiles/rovio_rosbag_loader.dir/src/rovio_rosbag_loader.cpp.o: In function `rovio::ImgUpdate<rovio::FilterState<25u, 4, 6, 1, 0> >::preProcess(rovio::FilterState<25u, 4, 6, 1, 0>&, rovio::ImgUpdateMeas<rovio::State<25u, 4, 6, 1, 0> > const&, bool&)':
rovio_rosbag_loader.cpp:(.text._ZN5rovio9ImgUpdateINS_11FilterStateILj25ELi4ELi6ELi1ELi0EEEE10preProcessERS2_RKNS_13ImgUpdateMeasINS_5StateILj25ELi4ELi6ELi1ELi0EEEEERb[_ZN5rovio9ImgUpdateINS_11FilterStateILj25ELi4ELi6ELi1ELi0EEEE10preProcessERS2_RKNS_13ImgUpdateMeasINS_5StateILj25ELi4ELi6ELi1ELi0EEEEERb]+0xacd): undefined reference to `cv::putText(cv::_InputOutputArray const&, cv::String const&, cv::Point_<int>, int, double, cv::Scalar_<double>, int, int, bool)'
rovio_rosbag_loader.cpp:(.text._ZN5rovio9ImgUpdateINS_11FilterStateILj25ELi4ELi6ELi1ELi0EEEE10preProcessERS2_RKNS_13ImgUpdateMeasINS_5StateILj25ELi4ELi6ELi1ELi0EEEEERb[_ZN5rovio9ImgUpdateINS_11FilterStateILj25ELi4ELi6ELi1ELi0EEEE10preProcessERS2_RKNS_13ImgUpdateMeasINS_5StateILj25ELi4ELi6ELi1ELi0EEEEERb]+0xad5): undefined reference to `cv::String::deallocate()'
rovio_rosbag_loader.cpp:(.text._ZN5rovio9ImgUpdateINS_11FilterStateILj25ELi4ELi6ELi1ELi0EEEE10preProcessERS2_RKNS_13ImgUpdateMeasINS_5StateILj25ELi4ELi6ELi1ELi0EEEEERb[_ZN5rovio9ImgUpdateINS_11FilterStateILj25ELi4ELi6ELi1ELi0EEEE10preProcessERS2_RKNS_13ImgUpdateMeasINS_5StateILj25ELi4ELi6ELi1ELi0EEEEERb]+0x114f): undefined reference to `cv::String::allocate(unsigned long)'
rovio_rosbag_loader.cpp:(.text._ZN5rovio9ImgUpdateINS_11FilterStateILj25ELi4ELi6ELi1ELi0EEEE10preProcessERS2_RKNS_13ImgUpdateMeasINS_5StateILj25ELi4ELi6ELi1ELi0EEEEERb[_ZN5rovio9ImgUpdateINS_11FilterStateILj25ELi4ELi6ELi1ELi0EEEE10preProcessERS2_RKNS_13ImgUpdateMeasINS_5StateILj25ELi4ELi6ELi1ELi0EEEEERb]+0x13b8): undefined reference to `cv::String::deallocate()'
CMakeFiles/rovio_rosbag_loader.dir/src/rovio_rosbag_loader.cpp.o: In function `rovio::RovioNode<rovio::RovioFilter<rovio::FilterState<25u, 4, 6, 1, 0> > >::updateAndPublish()':
rovio_rosbag_loader.cpp:(.text._ZN5rovio9RovioNodeINS_11RovioFilterINS_11FilterStateILj25ELi4ELi6ELi1ELi0EEEEEE16updateAndPublishEv[_ZN5rovio9RovioNodeINS_11RovioFilterINS_11FilterStateILj25ELi4ELi6ELi1ELi0EEEEEE16updateAndPublishEv]+0x1bd): undefined reference to `cv::imshow(cv::String const&, cv::_InputArray const&)'
rovio_rosbag_loader.cpp:(.text._ZN5rovio9RovioNodeINS_11RovioFilterINS_11FilterStateILj25ELi4ELi6ELi1ELi0EEEEEE16updateAndPublishEv[_ZN5rovio9RovioNodeINS_11RovioFilterINS_11FilterStateILj25ELi4ELi6ELi1ELi0EEEEEE16updateAndPublishEv]+0x1c5): undefined reference to `cv::String::deallocate()'
rovio_rosbag_loader.cpp:(.text._ZN5rovio9RovioNodeINS_11RovioFilterINS_11FilterStateILj25ELi4ELi6ELi1ELi0EEEEEE16updateAndPublishEv[_ZN5rovio9RovioNodeINS_11RovioFilterINS_11FilterStateILj25ELi4ELi6ELi1ELi0EEEEEE16updateAndPublishEv]+0x1bfd): undefined reference to `cv::imshow(cv::String const&, cv::_InputArray const&)'
rovio_rosbag_loader.cpp:(.text._ZN5rovio9RovioNodeINS_11RovioFilterINS_11FilterStateILj25ELi4ELi6ELi1ELi0EEEEEE16updateAndPublishEv[_ZN5rovio9RovioNodeINS_11RovioFilterINS_11FilterStateILj25ELi4ELi6ELi1ELi0EEEEEE16updateAndPublishEv]+0x1c05): undefined reference to `cv::String::deallocate()'
rovio_rosbag_loader.cpp:(.text._ZN5rovio9RovioNodeINS_11RovioFilterINS_11FilterStateILj25ELi4ELi6ELi1ELi0EEEEEE16updateAndPublishEv[_ZN5rovio9RovioNodeINS_11RovioFilterINS_11FilterStateILj25ELi4ELi6ELi1ELi0EEEEEE16updateAndPublishEv]+0x1c60): undefined reference to `cv::String::deallocate()'
rovio_rosbag_loader.cpp:(.text._ZN5rovio9RovioNodeINS_11RovioFilterINS_11FilterStateILj25ELi4ELi6ELi1ELi0EEEEEE16updateAndPublishEv[_ZN5rovio9RovioNodeINS_11RovioFilterINS_11FilterStateILj25ELi4ELi6ELi1ELi0EEEEEE16updateAndPublishEv]+0x1d19): undefined reference to `cv::String::deallocate()'
CMakeFiles/rovio_rosbag_loader.dir/src/rovio_rosbag_loader.cpp.o: In function `rovio::ImgUpdate<rovio::FilterState<25u, 4, 6, 1, 0> >::commonPostProcess(rovio::FilterState<25u, 4, 6, 1, 0>&, rovio::ImgUpdateMeas<rovio::State<25u, 4, 6, 1, 0> > const&)':
rovio_rosbag_loader.cpp:(.text._ZN5rovio9ImgUpdateINS_11FilterStateILj25ELi4ELi6ELi1ELi0EEEE17commonPostProcessERS2_RKNS_13ImgUpdateMeasINS_5StateILj25ELi4ELi6ELi1ELi0EEEEE[_ZN5rovio9ImgUpdateINS_11FilterStateILj25ELi4ELi6ELi1ELi0EEEE17commonPostProcessERS2_RKNS_13ImgUpdateMeasINS_5StateILj25ELi4ELi6ELi1ELi0EEEEE]+0x1ab): undefined reference to `cv::line(cv::_InputOutputArray const&, cv::Point_<int>, cv::Point_<int>, cv::Scalar_<double> const&, int, int, int)'
rovio_rosbag_loader.cpp:(.text._ZN5rovio9ImgUpdateINS_11FilterStateILj25ELi4ELi6ELi1ELi0EEEE17commonPostProcessERS2_RKNS_13ImgUpdateMeasINS_5StateILj25ELi4ELi6ELi1ELi0EEEEE[_ZN5rovio9ImgUpdateINS_11FilterStateILj25ELi4ELi6ELi1ELi0EEEE17commonPostProcessERS2_RKNS_13ImgUpdateMeasINS_5StateILj25ELi4ELi6ELi1ELi0EEEEE]+0x2c2): undefined reference to `cv::line(cv::_InputOutputArray const&, cv::Point_<int>, cv::Point_<int>, cv::Scalar_<double> const&, int, int, int)'
rovio_rosbag_loader.cpp:(.text._ZN5rovio9ImgUpdateINS_11FilterStateILj25ELi4ELi6ELi1ELi0EEEE17commonPostProcessERS2_RKNS_13ImgUpdateMeasINS_5StateILj25ELi4ELi6ELi1ELi0EEEEE[_ZN5rovio9ImgUpdateINS_11FilterStateILj25ELi4ELi6ELi1ELi0EEEE17commonPostProcessERS2_RKNS_13ImgUpdateMeasINS_5StateILj25ELi4ELi6ELi1ELi0EEEEE]+0x3d1): undefined reference to `cv::line(cv::_InputOutputArray const&, cv::Point_<int>, cv::Point_<int>, cv::Scalar_<double> const&, int, int, int)'
rovio_rosbag_loader.cpp:(.text._ZN5rovio9ImgUpdateINS_11FilterStateILj25ELi4ELi6ELi1ELi0EEEE17commonPostProcessERS2_RKNS_13ImgUpdateMeasINS_5StateILj25ELi4ELi6ELi1ELi0EEEEE[_ZN5rovio9ImgUpdateINS_11FilterStateILj25ELi4ELi6ELi1ELi0EEEE17commonPostProcessERS2_RKNS_13ImgUpdateMeasINS_5StateILj25ELi4ELi6ELi1ELi0EEEEE]+0x4e6): undefined reference to `cv::line(cv::_InputOutputArray const&, cv::Point_<int>, cv::Point_<int>, cv::Scalar_<double> const&, int, int, int)'
rovio_rosbag_loader.cpp:(.text._ZN5rovio9ImgUpdateINS_11FilterStateILj25ELi4ELi6ELi1ELi0EEEE17commonPostProcessERS2_RKNS_13ImgUpdateMeasINS_5StateILj25ELi4ELi6ELi1ELi0EEEEE[_ZN5rovio9ImgUpdateINS_11FilterStateILj25ELi4ELi6ELi1ELi0EEEE17commonPostProcessERS2_RKNS_13ImgUpdateMeasINS_5StateILj25ELi4ELi6ELi1ELi0EEEEE]+0x114c): undefined reference to `cv::String::allocate(unsigned long)'
rovio_rosbag_loader.cpp:(.text._ZN5rovio9ImgUpdateINS_11FilterStateILj25ELi4ELi6ELi1ELi0EEEE17commonPostProcessERS2_RKNS_13ImgUpdateMeasINS_5StateILj25ELi4ELi6ELi1ELi0EEEEE[_ZN5rovio9ImgUpdateINS_11FilterStateILj25ELi4ELi6ELi1ELi0EEEE17commonPostProcessERS2_RKNS_13ImgUpdateMeasINS_5StateILj25ELi4ELi6ELi1ELi0EEEEE]+0x1203): undefined reference to `cv::putText(cv::_InputOutputArray const&, cv::String const&, cv::Point_<int>, int, double, cv::Scalar_<double>, int, int, bool)'
rovio_rosbag_loader.cpp:(.text._ZN5rovio9ImgUpdateINS_11FilterStateILj25ELi4ELi6ELi1ELi0EEEE17commonPostProcessERS2_RKNS_13ImgUpdateMeasINS_5StateILj25ELi4ELi6ELi1ELi0EEEEE[_ZN5rovio9ImgUpdateINS_11FilterStateILj25ELi4ELi6ELi1ELi0EEEE17commonPostProcessERS2_RKNS_13ImgUpdateMeasINS_5StateILj25ELi4ELi6ELi1ELi0EEEEE]+0x1210): undefined reference to `cv::String::deallocate()'
rovio_rosbag_loader.cpp:(.text._ZN5rovio9ImgUpdateINS_11FilterStateILj25ELi4ELi6ELi1ELi0EEEE17commonPostProcessERS2_RKNS_13ImgUpdateMeasINS_5StateILj25ELi4ELi6ELi1ELi0EEEEE[_ZN5rovio9ImgUpdateINS_11FilterStateILj25ELi4ELi6ELi1ELi0EEEE17commonPostProcessERS2_RKNS_13ImgUpdateMeasINS_5StateILj25ELi4ELi6ELi1ELi0EEEEE]+0x14d5): undefined reference to `cv::String::deallocate()'
CMakeFiles/rovio_rosbag_loader.dir/src/rovio_rosbag_loader.cpp.o: In function `rovio::ImgUpdate<rovio::FilterState<25u, 4, 6, 1, 0> >::postProcess(rovio::FilterState<25u, 4, 6, 1, 0>&, rovio::ImgUpdateMeas<rovio::State<25u, 4, 6, 1, 0> > const&, rovio::ImgOutlierDetection<rovio::State<25u, 4, 6, 1, 0> > const&, bool&)':
rovio_rosbag_loader.cpp:(.text._ZN5rovio9ImgUpdateINS_11FilterStateILj25ELi4ELi6ELi1ELi0EEEE11postProcessERS2_RKNS_13ImgUpdateMeasINS_5StateILj25ELi4ELi6ELi1ELi0EEEEERKNS_19ImgOutlierDetectionIS7_EERb[_ZN5rovio9ImgUpdateINS_11FilterStateILj25ELi4ELi6ELi1ELi0EEEE11postProcessERS2_RKNS_13ImgUpdateMeasINS_5StateILj25ELi4ELi6ELi1ELi0EEEEERKNS_19ImgOutlierDetectionIS7_EERb]+0x606): undefined reference to `cv::rectangle(cv::_InputOutputArray const&, cv::Point_<int>, cv::Point_<int>, cv::Scalar_<double> const&, int, int, int)'
collect2: error: ld returned 1 exit status
make[2]: *** [/home/uav_master/vision_ws/devel/.private/rovio/lib/rovio/rovio_rosbag_loader] Error 1
make[1]: *** [CMakeFiles/rovio_rosbag_loader.dir/all] Error 2
make: *** [all] Error 2
