Linked: (/home/uav_master/vision_ws/devel/.private/rovio/include/rovio/SrvResetToPose.h, /home/uav_master/vision_ws/devel/include/rovio/SrvResetToPose.h)
Linked: (/home/uav_master/vision_ws/devel/.private/rovio/include/rovio/SrvResetToPoseRequest.h, /home/uav_master/vision_ws/devel/include/rovio/SrvResetToPoseRequest.h)
Linked: (/home/uav_master/vision_ws/devel/.private/rovio/include/rovio/SrvResetToPoseResponse.h, /home/uav_master/vision_ws/devel/include/rovio/SrvResetToPoseResponse.h)
Linked: (/home/uav_master/vision_ws/devel/.private/rovio/share/lightweight_filtering/cmake/lightweight_filteringConfig.cmake, /home/uav_master/vision_ws/devel/share/lightweight_filtering/cmake/lightweight_filteringConfig.cmake)
Linked: (/home/uav_master/vision_ws/devel/.private/rovio/share/lightweight_filtering/cmake/lightweight_filteringConfig-version.cmake, /home/uav_master/vision_ws/devel/share/lightweight_filtering/cmake/lightweight_filteringConfig-version.cmake)
Linked: (/home/uav_master/vision_ws/devel/.private/rovio/share/rovio/cmake/rovioConfig-version.cmake, /home/uav_master/vision_ws/devel/share/rovio/cmake/rovioConfig-version.cmake)
Linked: (/home/uav_master/vision_ws/devel/.private/rovio/share/rovio/cmake/rovio-msg-paths.cmake, /home/uav_master/vision_ws/devel/share/rovio/cmake/rovio-msg-paths.cmake)
Linked: (/home/uav_master/vision_ws/devel/.private/rovio/share/rovio/cmake/rovioConfig.cmake, /home/uav_master/vision_ws/devel/share/rovio/cmake/rovioConfig.cmake)
Linked: (/home/uav_master/vision_ws/devel/.private/rovio/share/rovio/cmake/rovio-msg-extras.cmake, /home/uav_master/vision_ws/devel/share/rovio/cmake/rovio-msg-extras.cmake)
Linked: (/home/uav_master/vision_ws/devel/.private/rovio/share/common-lisp/ros/rovio/srv/_package_SrvResetToPose.lisp, /home/uav_master/vision_ws/devel/share/common-lisp/ros/rovio/srv/_package_SrvResetToPose.lisp)
Linked: (/home/uav_master/vision_ws/devel/.private/rovio/share/common-lisp/ros/rovio/srv/SrvResetToPose.lisp, /home/uav_master/vision_ws/devel/share/common-lisp/ros/rovio/srv/SrvResetToPose.lisp)
Linked: (/home/uav_master/vision_ws/devel/.private/rovio/share/common-lisp/ros/rovio/srv/rovio-srv.asd, /home/uav_master/vision_ws/devel/share/common-lisp/ros/rovio/srv/rovio-srv.asd)
Linked: (/home/uav_master/vision_ws/devel/.private/rovio/share/common-lisp/ros/rovio/srv/_package.lisp, /home/uav_master/vision_ws/devel/share/common-lisp/ros/rovio/srv/_package.lisp)
Linked: (/home/uav_master/vision_ws/devel/.private/rovio/lib/librovio.so, /home/uav_master/vision_ws/devel/lib/librovio.so)
Linked: (/home/uav_master/vision_ws/devel/.private/rovio/lib/pkgconfig/lightweight_filtering.pc, /home/uav_master/vision_ws/devel/lib/pkgconfig/lightweight_filtering.pc)
Linked: (/home/uav_master/vision_ws/devel/.private/rovio/lib/pkgconfig/rovio.pc, /home/uav_master/vision_ws/devel/lib/pkgconfig/rovio.pc)
Linked: (/home/uav_master/vision_ws/devel/.private/rovio/lib/rovio/rovio_rosbag_loader, /home/uav_master/vision_ws/devel/lib/rovio/rovio_rosbag_loader)
Linked: (/home/uav_master/vision_ws/devel/.private/rovio/lib/rovio/feature_tracker_node, /home/uav_master/vision_ws/devel/lib/rovio/feature_tracker_node)
Linked: (/home/uav_master/vision_ws/devel/.private/rovio/lib/rovio/rovio_node, /home/uav_master/vision_ws/devel/lib/rovio/rovio_node)
Linked: (/home/uav_master/vision_ws/devel/.private/rovio/lib/python2.7/dist-packages/rovio/__init__.py, /home/uav_master/vision_ws/devel/lib/python2.7/dist-packages/rovio/__init__.py)
Linked: (/home/uav_master/vision_ws/devel/.private/rovio/lib/python2.7/dist-packages/rovio/srv/_SrvResetToPose.py, /home/uav_master/vision_ws/devel/lib/python2.7/dist-packages/rovio/srv/_SrvResetToPose.py)
Linked: (/home/uav_master/vision_ws/devel/.private/rovio/lib/python2.7/dist-packages/rovio/srv/__init__.py, /home/uav_master/vision_ws/devel/lib/python2.7/dist-packages/rovio/srv/__init__.py)
