[35m[1mScanning dependencies of target std_msgs_generate_messages_cpp
[35m[1mScanning dependencies of target geometry_msgs_generate_messages_lisp
[35m[1mScanning dependencies of target geometry_msgs_generate_messages_cpp
[0m[0m[0m[  0%] [  0%] Built target geometry_msgs_generate_messages_cpp
Built target std_msgs_generate_messages_cpp
[  0%] [35m[1mScanning dependencies of target roscpp_generate_messages_lisp
[35m[1mScanning dependencies of target sensor_msgs_generate_messages_py
[0m[0mBuilt target geometry_msgs_generate_messages_lisp
[  0%] [  0%] Built target roscpp_generate_messages_lisp
Built target sensor_msgs_generate_messages_py
[35m[1mScanning dependencies of target sensor_msgs_generate_messages_lisp
[0m[35m[1mScanning dependencies of target rosgraph_msgs_generate_messages_lisp
[35m[1mScanning dependencies of target roscpp_generate_messages_cpp
[0m[0m[  0%] [  0%] [  0%] Built target sensor_msgs_generate_messages_lisp
Built target rosgraph_msgs_generate_messages_lisp
Built target roscpp_generate_messages_cpp
[35m[1mScanning dependencies of target sensor_msgs_generate_messages_cpp
[0m[35m[1mScanning dependencies of target rosgraph_msgs_generate_messages_cpp
[0m[35m[1mScanning dependencies of target roscpp_generate_messages_py
[0m[  0%] [  0%] Built target sensor_msgs_generate_messages_cpp
[  0%] Built target rosgraph_msgs_generate_messages_cpp
Built target roscpp_generate_messages_py
[35m[1mScanning dependencies of target std_msgs_generate_messages_lisp
[0m[35m[1mScanning dependencies of target rosgraph_msgs_generate_messages_py
[35m[1mScanning dependencies of target geometry_msgs_generate_messages_py
[0m[0m[  0%] [  0%] Built target std_msgs_generate_messages_lisp
[  0%] Built target rosgraph_msgs_generate_messages_py
Built target geometry_msgs_generate_messages_py
[35m[1mScanning dependencies of target std_msgs_generate_messages_py
[0m[  0%] Built target std_msgs_generate_messages_py
[35m[1mScanning dependencies of target camera_calibration_parsers
[0m[ 40%] [ 40%] [ 60%] [32mBuilding CXX object CMakeFiles/camera_calibration_parsers.dir/src/parse.cpp.o
[32mBuilding CXX object CMakeFiles/camera_calibration_parsers.dir/src/parse_ini.cpp.o
[0m[0m[32mBuilding CXX object CMakeFiles/camera_calibration_parsers.dir/src/parse_yml.cpp.o
[0m[31m[1mLinking CXX shared library /home/uav_master/vision_ws/devel/.private/camera_calibration_parsers/lib/libcamera_calibration_parsers.so
[0m[ 60%] Built target camera_calibration_parsers
[35m[1mScanning dependencies of target camera_calibration_parsers_wrapper
[35m[1mScanning dependencies of target convert
[0m[0m[ 80%] [32mBuilding CXX object CMakeFiles/camera_calibration_parsers_wrapper.dir/src/parse_wrapper.cpp.o
[0m[100%] [32mBuilding CXX object CMakeFiles/convert.dir/src/convert.cpp.o
[0m[31m[1mLinking CXX executable /home/uav_master/vision_ws/devel/.private/camera_calibration_parsers/lib/camera_calibration_parsers/convert
[0m[100%] Built target convert
[31m[1mLinking CXX shared library /home/uav_master/vision_ws/devel/.private/camera_calibration_parsers/lib/python2.7/dist-packages/camera_calibration_parsers/camera_calibration_parsers_wrapper.so
[0m[100%] Built target camera_calibration_parsers_wrapper
