Not searching for unused variables given on the command line.
[36m--[0m The C compiler identification is GNU 4.8.4
[36m--[0m The CXX compiler identification is GNU 4.8.4
[36m--[0m Check for working C compiler: /usr/bin/cc
[36m--[0m Check for working C compiler: /usr/bin/cc -- works
[36m--[0m Detecting C compiler ABI info
[36m--[0m Detecting C compiler ABI info - done
[36m--[0m Detecting C compile features
[36m--[0m Detecting C compile features - done
[36m--[0m Check for working CXX compiler: /usr/bin/c++
[36m--[0m Check for working CXX compiler: /usr/bin/c++ -- works
[36m--[0m Detecting CXX compiler ABI info
[36m--[0m Detecting CXX compiler ABI info - done
[36m--[0m Detecting CXX compile features
[36m--[0m Detecting CXX compile features - done
[36m--[0m Found PkgConfig: /usr/bin/pkg-config (found version "0.26")
[36m--[0m checking for module 'eigen3'
[36m--[0m   found eigen3, version 3.2.0
[36m--[0m Setting build type to 'Release' as none was specified.
[36m--[0m Setting build-tests to false as not specified.
[36m--[0m Could NOT find Doxygen (missing:  DOXYGEN_EXECUTABLE)
[36m--[0m Configuring done
[36m--[0m Generating done
[36m--[0m Build files have been written to: /home/uav_master/vision_ws/build/kindr
