[36mInstall the project...
[0m-- Install configuration: "Release"
-- Up-to-date: /home/uav_master/vision_ws/devel/include/kindr
-- Up-to-date: /home/uav_master/vision_ws/devel/include/kindr/phys_quant
-- Up-to-date: /home/uav_master/vision_ws/devel/include/kindr/phys_quant/eigen
-- Up-to-date: /home/uav_master/vision_ws/devel/include/kindr/phys_quant/eigen/Typeless.hpp
-- Up-to-date: /home/uav_master/vision_ws/devel/include/kindr/phys_quant/eigen/Power.hpp
-- Up-to-date: /home/uav_master/vision_ws/devel/include/kindr/phys_quant/eigen/Acceleration.hpp
-- Up-to-date: /home/uav_master/vision_ws/devel/include/kindr/phys_quant/eigen/Time.hpp
-- Up-to-date: /home/uav_master/vision_ws/devel/include/kindr/phys_quant/eigen/AngularAcceleration.hpp
-- Up-to-date: /home/uav_master/vision_ws/devel/include/kindr/phys_quant/eigen/Jerk.hpp
-- Up-to-date: /home/uav_master/vision_ws/devel/include/kindr/phys_quant/eigen/Torque.hpp
-- Up-to-date: /home/uav_master/vision_ws/devel/include/kindr/phys_quant/eigen/Position.hpp
-- Up-to-date: /home/uav_master/vision_ws/devel/include/kindr/phys_quant/eigen/AngularMomentum.hpp
-- Up-to-date: /home/uav_master/vision_ws/devel/include/kindr/phys_quant/eigen/Angle.hpp
-- Up-to-date: /home/uav_master/vision_ws/devel/include/kindr/phys_quant/eigen/Momentum.hpp
-- Up-to-date: /home/uav_master/vision_ws/devel/include/kindr/phys_quant/eigen/Energy.hpp
-- Up-to-date: /home/uav_master/vision_ws/devel/include/kindr/phys_quant/eigen/Force.hpp
-- Up-to-date: /home/uav_master/vision_ws/devel/include/kindr/phys_quant/eigen/Mass.hpp
-- Up-to-date: /home/uav_master/vision_ws/devel/include/kindr/phys_quant/eigen/AngularVelocity.hpp
-- Up-to-date: /home/uav_master/vision_ws/devel/include/kindr/phys_quant/eigen/Velocity.hpp
-- Up-to-date: /home/uav_master/vision_ws/devel/include/kindr/phys_quant/eigen/AngularJerk.hpp
-- Up-to-date: /home/uav_master/vision_ws/devel/include/kindr/phys_quant/eigen/Inertia.hpp
-- Up-to-date: /home/uav_master/vision_ws/devel/include/kindr/phys_quant/PhysicalType.hpp
-- Up-to-date: /home/uav_master/vision_ws/devel/include/kindr/phys_quant/PhysicalQuantitiesEigen.hpp
-- Up-to-date: /home/uav_master/vision_ws/devel/include/kindr/thirdparty
-- Up-to-date: /home/uav_master/vision_ws/devel/include/kindr/thirdparty/ros
-- Up-to-date: /home/uav_master/vision_ws/devel/include/kindr/thirdparty/ros/RosEigen.hpp
-- Up-to-date: /home/uav_master/vision_ws/devel/include/kindr/thirdparty/ros/RosGeometryMsgRotationEigen.hpp
-- Up-to-date: /home/uav_master/vision_ws/devel/include/kindr/thirdparty/ros/RosGeometryMsgPoseEigen.hpp
-- Up-to-date: /home/uav_master/vision_ws/devel/include/kindr/thirdparty/ros/RosTfPoseEigen.hpp
-- Up-to-date: /home/uav_master/vision_ws/devel/include/kindr/thirdparty/ros/RosGeometryMsgPhysicalQuantitiesEigen.hpp
-- Up-to-date: /home/uav_master/vision_ws/devel/include/kindr/rotations
-- Up-to-date: /home/uav_master/vision_ws/devel/include/kindr/rotations/eigen
-- Up-to-date: /home/uav_master/vision_ws/devel/include/kindr/rotations/eigen/AngleAxis.hpp
-- Up-to-date: /home/uav_master/vision_ws/devel/include/kindr/rotations/eigen/EulerAnglesXyzDiff.hpp
-- Up-to-date: /home/uav_master/vision_ws/devel/include/kindr/rotations/eigen/LocalAngularVelocity.hpp
-- Up-to-date: /home/uav_master/vision_ws/devel/include/kindr/rotations/eigen/RotationVector.hpp
-- Up-to-date: /home/uav_master/vision_ws/devel/include/kindr/rotations/eigen/RotationQuaternionDiff.hpp
-- Up-to-date: /home/uav_master/vision_ws/devel/include/kindr/rotations/eigen/RotationEigenFunctions.hpp
-- Up-to-date: /home/uav_master/vision_ws/devel/include/kindr/rotations/eigen/RotationMatrixDiff.hpp
-- Up-to-date: /home/uav_master/vision_ws/devel/include/kindr/rotations/eigen/EulerAnglesXyz.hpp
-- Up-to-date: /home/uav_master/vision_ws/devel/include/kindr/rotations/eigen/RotationMatrix.hpp
-- Up-to-date: /home/uav_master/vision_ws/devel/include/kindr/rotations/eigen/EulerAnglesZyxDiff.hpp
-- Up-to-date: /home/uav_master/vision_ws/devel/include/kindr/rotations/eigen/RotationQuaternion.hpp
-- Up-to-date: /home/uav_master/vision_ws/devel/include/kindr/rotations/eigen/EulerAnglesZyx.hpp
-- Up-to-date: /home/uav_master/vision_ws/devel/include/kindr/rotations/RotationEigen.hpp
-- Up-to-date: /home/uav_master/vision_ws/devel/include/kindr/rotations/RotationDiffBase.hpp
-- Up-to-date: /home/uav_master/vision_ws/devel/include/kindr/rotations/RotationDiffEigen.hpp
-- Up-to-date: /home/uav_master/vision_ws/devel/include/kindr/rotations/RotationBase.hpp
-- Up-to-date: /home/uav_master/vision_ws/devel/include/kindr/common
-- Up-to-date: /home/uav_master/vision_ws/devel/include/kindr/common/common.hpp
-- Up-to-date: /home/uav_master/vision_ws/devel/include/kindr/common/assert_macros.hpp
-- Up-to-date: /home/uav_master/vision_ws/devel/include/kindr/common/assert_macros_eigen.hpp
-- Up-to-date: /home/uav_master/vision_ws/devel/include/kindr/common/gtest_eigen.hpp
-- Up-to-date: /home/uav_master/vision_ws/devel/include/kindr/common/source_file_pos.hpp
-- Up-to-date: /home/uav_master/vision_ws/devel/include/kindr/linear_algebra
-- Up-to-date: /home/uav_master/vision_ws/devel/include/kindr/linear_algebra/LinearAlgebra.hpp
-- Up-to-date: /home/uav_master/vision_ws/devel/include/kindr/quaternions
-- Up-to-date: /home/uav_master/vision_ws/devel/include/kindr/quaternions/QuaternionBase.hpp
-- Up-to-date: /home/uav_master/vision_ws/devel/include/kindr/quaternions/QuaternionEigen.hpp
-- Up-to-date: /home/uav_master/vision_ws/devel/include/kindr/vectors
-- Up-to-date: /home/uav_master/vision_ws/devel/include/kindr/vectors/VectorBase.hpp
-- Up-to-date: /home/uav_master/vision_ws/devel/include/kindr/vectors/VectorEigen.hpp
-- Up-to-date: /home/uav_master/vision_ws/devel/include/kindr/poses
-- Up-to-date: /home/uav_master/vision_ws/devel/include/kindr/poses/eigen
-- Up-to-date: /home/uav_master/vision_ws/devel/include/kindr/poses/eigen/HomogeneousTransformation.hpp
-- Up-to-date: /home/uav_master/vision_ws/devel/include/kindr/poses/eigen/Twist.hpp
-- Up-to-date: /home/uav_master/vision_ws/devel/include/kindr/poses/PoseDiffBase.hpp
-- Up-to-date: /home/uav_master/vision_ws/devel/include/kindr/poses/PoseEigen.hpp
-- Up-to-date: /home/uav_master/vision_ws/devel/include/kindr/poses/PoseDiffEigen.hpp
-- Up-to-date: /home/uav_master/vision_ws/devel/include/kindr/poses/PoseBase.hpp
-- Installing: /home/uav_master/vision_ws/devel/share/kindr/cmake/kindrConfig.cmake
