[35m[1mScanning dependencies of target image_saver
[35m[1mScanning dependencies of target disparity_view
[35m[1mScanning dependencies of target image_view
[35m[1mScanning dependencies of target extract_images
[0m[0m[ 10%] [ 20%] [0m[32mBuilding CXX object CMakeFiles/disparity_view.dir/src/nodes/disparity_view.cpp.o
[32mBuilding CXX object CMakeFiles/image_saver.dir/src/nodes/image_saver.cpp.o
[0m[0m[ 30%] [32mBuilding CXX object CMakeFiles/extract_images.dir/src/nodes/extract_images.cpp.o
[0m[0m[ 40%] [32mBuilding CXX object CMakeFiles/image_view.dir/src/nodelets/image_nodelet.cpp.o
[0m[31m[1mLinking CXX executable /home/uav_master/vision_ws/devel/.private/image_view/lib/image_view/disparity_view
[0m[ 40%] Built target disparity_view
[35m[1mScanning dependencies of target image_view_gencfg
[0m[ 50%] [34m[1mGenerating dynamic reconfigure files from cfg/ImageView.cfg: /home/uav_master/vision_ws/devel/.private/image_view/include/image_view/ImageViewConfig.h /home/uav_master/vision_ws/devel/.private/image_view/lib/python2.7/dist-packages/image_view/cfg/ImageViewConfig.py
[0mGenerating reconfiguration files for ImageView in image_view
Wrote header file in /home/uav_master/vision_ws/devel/.private/image_view/include/image_view/ImageViewConfig.h
[ 50%] Built target image_view_gencfg
[35m[1mScanning dependencies of target stereo_view
[0m[ 60%] [32mBuilding CXX object CMakeFiles/stereo_view.dir/src/nodes/stereo_view.cpp.o
[0m[31m[1mLinking CXX executable /home/uav_master/vision_ws/devel/.private/image_view/lib/image_view/image_saver
[0m[31m[1mLinking CXX executable /home/uav_master/vision_ws/devel/.private/image_view/lib/image_view/extract_images
[0m[ 60%] Built target image_saver
[35m[1mScanning dependencies of target video_recorder
[0m[ 70%] [32mBuilding CXX object CMakeFiles/video_recorder.dir/src/nodes/video_recorder.cpp.o
[0m[ 70%] Built target extract_images
[35m[1mScanning dependencies of target image_view_exe
[0m[ 80%] [32mBuilding CXX object CMakeFiles/image_view_exe.dir/src/nodes/image_view.cpp.o
[0m[ 90%] [32mBuilding CXX object CMakeFiles/image_view.dir/src/nodelets/disparity_nodelet.cpp.o
[0m[31m[1mLinking CXX executable /home/uav_master/vision_ws/devel/.private/image_view/lib/image_view/video_recorder
[0m[ 90%] Built target video_recorder
[100%] [32mBuilding CXX object CMakeFiles/image_view.dir/src/nodelets/window_thread.cpp.o
[0m[31m[1mLinking CXX shared library /home/uav_master/vision_ws/devel/.private/image_view/lib/libimage_view.so
[0m[31m[1mLinking CXX executable /home/uav_master/vision_ws/devel/.private/image_view/lib/image_view/image_view
[0m[100%] Built target image_view
[100%] Built target image_view_exe
[31m[1mLinking CXX executable /home/uav_master/vision_ws/devel/.private/image_view/lib/image_view/stereo_view
[0m[100%] Built target stereo_view
